2026-04-11 12:05:27.651 [main] INFO  com.database.mico_database.MicoDatabaseApplication - Starting MicoDatabaseApplication using Java 17.0.18 on Jiay with PID 48120 (E:\DeskTop\java_code\mico_database_new\target\classes started by ASUS in E:\DeskTop\java_code)
2026-04-11 12:05:27.670 [main] DEBUG com.database.mico_database.MicoDatabaseApplication - Running with Spring Boot v2.7.18, Spring v5.3.31
2026-04-11 12:05:27.672 [main] INFO  com.database.mico_database.MicoDatabaseApplication - No active profile set, falling back to 1 default profile: "default"
2026-04-11 12:05:28.696 [main] INFO  o.s.d.r.config.RepositoryConfigurationDelegate - Multiple Spring Data modules found, entering strict repository configuration mode
2026-04-11 12:05:28.698 [main] INFO  o.s.d.r.config.RepositoryConfigurationDelegate - Bootstrapping Spring Data Redis repositories in DEFAULT mode.
2026-04-11 12:05:28.727 [main] INFO  o.s.d.r.config.RepositoryConfigurationDelegate - Finished Spring Data repository scanning in 10 ms. Found 0 Redis repository interfaces.
2026-04-11 12:05:29.510 [main] INFO  o.s.boot.web.embedded.tomcat.TomcatWebServer - Tomcat initialized with port(s): 5000 (http)
2026-04-11 12:05:29.520 [main] INFO  org.apache.coyote.http11.Http11NioProtocol - Initializing ProtocolHandler ["http-nio-5000"]
2026-04-11 12:05:29.522 [main] INFO  org.apache.catalina.core.StandardService - Starting service [Tomcat]
2026-04-11 12:05:29.523 [main] INFO  org.apache.catalina.core.StandardEngine - Starting Servlet engine: [Apache Tomcat/9.0.83]
2026-04-11 12:05:29.727 [main] INFO  o.a.c.core.ContainerBase.[Tomcat].[localhost].[/] - Initializing Spring embedded WebApplicationContext
2026-04-11 12:05:29.727 [main] INFO  o.s.b.w.s.c.ServletWebServerApplicationContext - Root WebApplicationContext: initialization completed in 1977 ms
2026-04-11 12:05:30.979 [main] INFO  o.s.security.web.DefaultSecurityFilterChain - Will secure any request with [org.springframework.security.web.session.DisableEncodeUrlFilter@43423d40, org.springframework.security.web.context.request.async.WebAsyncManagerIntegrationFilter@5f3f57ff, org.springframework.security.web.context.SecurityContextPersistenceFilter@1be77a76, org.springframework.security.web.header.HeaderWriterFilter@636e4bf8, org.springframework.security.web.authentication.logout.LogoutFilter@204b0f07, org.springframework.security.web.authentication.UsernamePasswordAuthenticationFilter@603f4e3e, org.springframework.security.web.savedrequest.RequestCacheAwareFilter@7878bbdb, org.springframework.security.web.servletapi.SecurityContextHolderAwareRequestFilter@25f7cc38, org.springframework.security.web.authentication.AnonymousAuthenticationFilter@6200b644, org.springframework.security.web.session.SessionManagementFilter@7e1a9173, org.springframework.security.web.access.ExceptionTranslationFilter@248d3a, org.springframework.security.web.access.intercept.FilterSecurityInterceptor@d7055be]
2026-04-11 12:05:31.129 [main] INFO  o.s.b.a.web.servlet.WelcomePageHandlerMapping - Adding welcome page template: index
2026-04-11 12:05:31.550 [main] INFO  org.apache.coyote.http11.Http11NioProtocol - Starting ProtocolHandler ["http-nio-5000"]
2026-04-11 12:05:31.599 [main] INFO  o.s.boot.web.embedded.tomcat.TomcatWebServer - Tomcat started on port(s): 5000 (http) with context path ''
2026-04-11 12:05:31.611 [main] INFO  com.database.mico_database.MicoDatabaseApplication - Started MicoDatabaseApplication in 4.575 seconds (JVM running for 5.963)
2026-04-11 12:07:24.414 [http-nio-5000-exec-1] INFO  o.a.c.core.ContainerBase.[Tomcat].[localhost].[/] - Initializing Spring DispatcherServlet 'dispatcherServlet'
2026-04-11 12:07:24.415 [http-nio-5000-exec-1] INFO  org.springframework.web.servlet.DispatcherServlet - Initializing Servlet 'dispatcherServlet'
2026-04-11 12:07:24.417 [http-nio-5000-exec-1] INFO  org.springframework.web.servlet.DispatcherServlet - Completed initialization in 1 ms
2026-04-11 12:07:24.630 [http-nio-5000-exec-1] WARN  org.apache.catalina.util.SessionIdGeneratorBase - Creation of SecureRandom instance for session ID generation using [SHA1PRNG] took [172] milliseconds.
2026-04-11 12:07:32.274 [http-nio-5000-exec-4] INFO  com.zaxxer.hikari.HikariDataSource - HikariPool-1 - Starting...
2026-04-11 12:07:32.454 [http-nio-5000-exec-4] INFO  com.zaxxer.hikari.HikariDataSource - HikariPool-1 - Start completed.
2026-04-11 12:07:32.470 [http-nio-5000-exec-4] DEBUG c.d.mico_database.mapper.UserMapper.findByUsername - ==>  Preparing: SELECT * FROM sys_user WHERE username = ?
2026-04-11 12:07:32.493 [http-nio-5000-exec-4] DEBUG c.d.mico_database.mapper.UserMapper.findByUsername - ==> Parameters: admin(String)
2026-04-11 12:07:32.527 [http-nio-5000-exec-4] DEBUG c.d.mico_database.mapper.UserMapper.findByUsername - <==      Total: 1
2026-04-11 12:07:33.297 [http-nio-5000-exec-5] DEBUG c.d.m.m.DashboardMapper.getDiseaseDistribution - ==>  Preparing: SELECT D.disease_name AS disease, COUNT(PD.patient_id) AS count, COUNT(PD.patient_id) AS percentage FROM `diseases` D JOIN `patient_diseases` PD ON D.disease_id = PD.disease_id GROUP BY D.disease_name ORDER BY count DESC LIMIT 10;
2026-04-11 12:07:33.298 [http-nio-5000-exec-5] DEBUG c.d.m.m.DashboardMapper.getDiseaseDistribution - ==> Parameters: 
2026-04-11 12:07:33.320 [http-nio-5000-exec-5] DEBUG c.d.m.m.DashboardMapper.getDiseaseDistribution - <==      Total: 10
2026-04-11 12:07:33.320 [http-nio-5000-exec-5] DEBUG c.d.m.m.D.getPatientOriginDistribution - ==>  Preparing: SELECT country as name, COUNT(*) as value FROM patients WHERE country IS NOT NULL AND country != '' GROUP BY country ORDER BY value DESC;
2026-04-11 12:07:33.321 [http-nio-5000-exec-5] DEBUG c.d.m.m.D.getPatientOriginDistribution - ==> Parameters: 
2026-04-11 12:07:33.341 [http-nio-5000-exec-5] DEBUG c.d.m.m.D.getPatientOriginDistribution - <==      Total: 38
2026-04-11 12:07:33.341 [http-nio-5000-exec-5] DEBUG c.d.m.m.DashboardMapper.getAgeGenderDistribution - ==>  Preparing: SELECT CASE WHEN age BETWEEN 0 AND 10 THEN '0-10' WHEN age BETWEEN 11 AND 20 THEN '11-20' WHEN age BETWEEN 21 AND 30 THEN '21-30' WHEN age BETWEEN 31 AND 40 THEN '31-40' WHEN age BETWEEN 41 AND 50 THEN '41-50' WHEN age BETWEEN 51 AND 60 THEN '51-60' ELSE '60+' END AS age_group, gender, COUNT(*) as count FROM patients WHERE gender IS NOT NULL GROUP BY age_group, gender;
2026-04-11 12:07:33.342 [http-nio-5000-exec-5] DEBUG c.d.m.m.DashboardMapper.getAgeGenderDistribution - ==> Parameters: 
2026-04-11 12:07:33.357 [http-nio-5000-exec-5] DEBUG c.d.m.m.DashboardMapper.getAgeGenderDistribution - <==      Total: 18
2026-04-11 12:07:33.358 [http-nio-5000-exec-5] DEBUG c.d.m.mapper.DashboardMapper.getTotalPatients - ==>  Preparing: SELECT COUNT(patient_id) FROM `patients`;
2026-04-11 12:07:33.358 [http-nio-5000-exec-5] DEBUG c.d.m.mapper.DashboardMapper.getTotalPatients - ==> Parameters: 
2026-04-11 12:07:33.363 [http-nio-5000-exec-5] DEBUG c.d.m.mapper.DashboardMapper.getTotalPatients - <==      Total: 1
2026-04-11 12:07:33.364 [http-nio-5000-exec-5] DEBUG c.d.m.mapper.DashboardMapper.getMostCommonDisease - ==>  Preparing: SELECT D.disease_name as disease_name, COUNT(PD.patient_id) AS patient_count FROM `patient_diseases` PD JOIN `diseases` D ON PD.disease_id = D.disease_id GROUP BY D.disease_name ORDER BY patient_count DESC LIMIT 1;
2026-04-11 12:07:33.365 [http-nio-5000-exec-5] DEBUG c.d.m.mapper.DashboardMapper.getMostCommonDisease - ==> Parameters: 
2026-04-11 12:07:33.379 [http-nio-5000-exec-5] DEBUG c.d.m.mapper.DashboardMapper.getMostCommonDisease - <==      Total: 1
2026-04-11 12:07:33.380 [http-nio-5000-exec-5] DEBUG c.d.m.mapper.DashboardMapper.getMinMaxPatientAge - ==>  Preparing: SELECT MIN(age) AS min_age, MAX(age) AS max_age FROM `patients`;
2026-04-11 12:07:33.380 [http-nio-5000-exec-5] DEBUG c.d.m.mapper.DashboardMapper.getMinMaxPatientAge - ==> Parameters: 
2026-04-11 12:07:33.386 [http-nio-5000-exec-5] DEBUG c.d.m.mapper.DashboardMapper.getMinMaxPatientAge - <==      Total: 1
2026-04-11 12:12:40.807 [SpringApplicationShutdownHook] INFO  com.zaxxer.hikari.HikariDataSource - HikariPool-1 - Shutdown initiated...
2026-04-11 12:12:40.818 [SpringApplicationShutdownHook] INFO  com.zaxxer.hikari.HikariDataSource - HikariPool-1 - Shutdown completed.
2026-04-11 12:12:45.237 [main] INFO  com.database.mico_database.MicoDatabaseApplication - Starting MicoDatabaseApplication using Java 17.0.18 on Jiay with PID 52132 (E:\DeskTop\java_code\mico_database_new\target\classes started by ASUS in E:\DeskTop\java_code)
2026-04-11 12:12:45.242 [main] DEBUG com.database.mico_database.MicoDatabaseApplication - Running with Spring Boot v2.7.18, Spring v5.3.31
2026-04-11 12:12:45.243 [main] INFO  com.database.mico_database.MicoDatabaseApplication - No active profile set, falling back to 1 default profile: "default"
2026-04-11 12:12:46.151 [main] INFO  o.s.d.r.config.RepositoryConfigurationDelegate - Multiple Spring Data modules found, entering strict repository configuration mode
2026-04-11 12:12:46.154 [main] INFO  o.s.d.r.config.RepositoryConfigurationDelegate - Bootstrapping Spring Data Redis repositories in DEFAULT mode.
2026-04-11 12:12:46.181 [main] INFO  o.s.d.r.config.RepositoryConfigurationDelegate - Finished Spring Data repository scanning in 11 ms. Found 0 Redis repository interfaces.
2026-04-11 12:12:47.057 [main] INFO  o.s.boot.web.embedded.tomcat.TomcatWebServer - Tomcat initialized with port(s): 5000 (http)
2026-04-11 12:12:47.071 [main] INFO  org.apache.coyote.http11.Http11NioProtocol - Initializing ProtocolHandler ["http-nio-5000"]
2026-04-11 12:12:47.074 [main] INFO  org.apache.catalina.core.StandardService - Starting service [Tomcat]
2026-04-11 12:12:47.074 [main] INFO  org.apache.catalina.core.StandardEngine - Starting Servlet engine: [Apache Tomcat/9.0.83]
2026-04-11 12:12:47.350 [main] INFO  o.a.c.core.ContainerBase.[Tomcat].[localhost].[/] - Initializing Spring embedded WebApplicationContext
2026-04-11 12:12:47.351 [main] INFO  o.s.b.w.s.c.ServletWebServerApplicationContext - Root WebApplicationContext: initialization completed in 2051 ms
2026-04-11 12:12:48.586 [main] INFO  o.s.security.web.DefaultSecurityFilterChain - Will secure any request with [org.springframework.security.web.session.DisableEncodeUrlFilter@67a6a2d0, org.springframework.security.web.context.request.async.WebAsyncManagerIntegrationFilter@49e0b123, org.springframework.security.web.context.SecurityContextPersistenceFilter@1c011855, org.springframework.security.web.header.HeaderWriterFilter@bc8d68b, org.springframework.security.web.authentication.logout.LogoutFilter@7769d9b6, org.springframework.security.web.authentication.UsernamePasswordAuthenticationFilter@6654ca0d, org.springframework.security.web.savedrequest.RequestCacheAwareFilter@5273143e, org.springframework.security.web.servletapi.SecurityContextHolderAwareRequestFilter@279c4e3b, org.springframework.security.web.authentication.AnonymousAuthenticationFilter@2e85e3f1, org.springframework.security.web.session.SessionManagementFilter@3cf8a235, org.springframework.security.web.access.ExceptionTranslationFilter@60ae7cf2, org.springframework.security.web.access.intercept.FilterSecurityInterceptor@4f20b022]
2026-04-11 12:12:48.740 [main] INFO  o.s.b.a.web.servlet.WelcomePageHandlerMapping - Adding welcome page template: index
2026-04-11 12:12:49.159 [main] INFO  org.apache.coyote.http11.Http11NioProtocol - Starting ProtocolHandler ["http-nio-5000"]
2026-04-11 12:12:49.205 [main] INFO  o.s.boot.web.embedded.tomcat.TomcatWebServer - Tomcat started on port(s): 5000 (http) with context path ''
2026-04-11 12:12:49.219 [main] INFO  com.database.mico_database.MicoDatabaseApplication - Started MicoDatabaseApplication in 4.474 seconds (JVM running for 5.906)
2026-04-11 12:12:57.096 [http-nio-5000-exec-1] INFO  o.a.c.core.ContainerBase.[Tomcat].[localhost].[/] - Initializing Spring DispatcherServlet 'dispatcherServlet'
2026-04-11 12:12:57.097 [http-nio-5000-exec-1] INFO  org.springframework.web.servlet.DispatcherServlet - Initializing Servlet 'dispatcherServlet'
2026-04-11 12:12:57.098 [http-nio-5000-exec-1] INFO  org.springframework.web.servlet.DispatcherServlet - Completed initialization in 1 ms
2026-04-11 12:12:57.273 [http-nio-5000-exec-1] WARN  org.apache.catalina.util.SessionIdGeneratorBase - Creation of SecureRandom instance for session ID generation using [SHA1PRNG] took [138] milliseconds.
2026-04-11 12:13:05.639 [http-nio-5000-exec-6] INFO  com.zaxxer.hikari.HikariDataSource - HikariPool-1 - Starting...
2026-04-11 12:13:05.812 [http-nio-5000-exec-6] INFO  com.zaxxer.hikari.HikariDataSource - HikariPool-1 - Start completed.
2026-04-11 12:13:05.819 [http-nio-5000-exec-6] DEBUG c.d.mico_database.mapper.UserMapper.findByUsername - ==>  Preparing: SELECT * FROM sys_user WHERE username = ?
2026-04-11 12:13:05.841 [http-nio-5000-exec-6] DEBUG c.d.mico_database.mapper.UserMapper.findByUsername - ==> Parameters: admin(String)
2026-04-11 12:13:05.870 [http-nio-5000-exec-6] DEBUG c.d.mico_database.mapper.UserMapper.findByUsername - <==      Total: 1
2026-04-11 12:15:35.327 [lettuce-nioEventLoop-4-1] INFO  io.lettuce.core.protocol.CommandHandler - null Unexpected exception during request: java.net.SocketException: Connection reset
java.net.SocketException: Connection reset
	at java.base/sun.nio.ch.SocketChannelImpl.throwConnectionReset(SocketChannelImpl.java:394)
	at java.base/sun.nio.ch.SocketChannelImpl.read(SocketChannelImpl.java:426)
	at io.netty.buffer.PooledByteBuf.setBytes(PooledByteBuf.java:254)
	at io.netty.buffer.AbstractByteBuf.writeBytes(AbstractByteBuf.java:1132)
	at io.netty.channel.socket.nio.NioSocketChannel.doReadBytes(NioSocketChannel.java:357)
	at io.netty.channel.nio.AbstractNioByteChannel$NioByteUnsafe.read(AbstractNioByteChannel.java:151)
	at io.netty.channel.nio.NioEventLoop.processSelectedKey(NioEventLoop.java:788)
	at io.netty.channel.nio.NioEventLoop.processSelectedKeysOptimized(NioEventLoop.java:724)
	at io.netty.channel.nio.NioEventLoop.processSelectedKeys(NioEventLoop.java:650)
	at io.netty.channel.nio.NioEventLoop.run(NioEventLoop.java:562)
	at io.netty.util.concurrent.SingleThreadEventExecutor$4.run(SingleThreadEventExecutor.java:997)
	at io.netty.util.internal.ThreadExecutorMap$2.run(ThreadExecutorMap.java:74)
	at io.netty.util.concurrent.FastThreadLocalRunnable.run(FastThreadLocalRunnable.java:30)
	at java.base/java.lang.Thread.run(Thread.java:842)
2026-04-11 12:15:35.426 [lettuce-eventExecutorLoop-1-3] INFO  io.lettuce.core.protocol.ConnectionWatchdog - Reconnecting, last destination was /127.0.0.1:6379
2026-04-11 12:15:35.438 [lettuce-nioEventLoop-4-2] WARN  io.lettuce.core.protocol.ConnectionWatchdog - Cannot reconnect to [127.0.0.1/<unresolved>:6379]: Connection refused: no further information: /127.0.0.1:6379
2026-04-11 12:15:40.725 [SpringApplicationShutdownHook] INFO  com.zaxxer.hikari.HikariDataSource - HikariPool-1 - Shutdown initiated...
2026-04-11 12:15:40.737 [SpringApplicationShutdownHook] INFO  com.zaxxer.hikari.HikariDataSource - HikariPool-1 - Shutdown completed.
