2026-03-20 21:01:13.518 [main] INFO  com.database.mico_database.MicoDatabaseApplication - Starting MicoDatabaseApplication using Java 1.8.0_481 on Jiay with PID 8088 (E:\DeskTop\java_code\mico_database_new\target\classes started by ASUS in E:\DeskTop\java_code\mico_database_new)
2026-03-20 21:01:13.529 [main] DEBUG com.database.mico_database.MicoDatabaseApplication - Running with Spring Boot v2.7.18, Spring v5.3.31
2026-03-20 21:01:13.529 [main] INFO  com.database.mico_database.MicoDatabaseApplication - No active profile set, falling back to 1 default profile: "default"
2026-03-20 21:01:14.304 [main] INFO  o.s.d.r.config.RepositoryConfigurationDelegate - Multiple Spring Data modules found, entering strict repository configuration mode
2026-03-20 21:01:14.305 [main] INFO  o.s.d.r.config.RepositoryConfigurationDelegate - Bootstrapping Spring Data Redis repositories in DEFAULT mode.
2026-03-20 21:01:14.326 [main] INFO  o.s.d.r.config.RepositoryConfigurationDelegate - Finished Spring Data repository scanning in 8 ms. Found 0 Redis repository interfaces.
2026-03-20 21:01:14.871 [main] INFO  o.s.boot.web.embedded.tomcat.TomcatWebServer - Tomcat initialized with port(s): 5000 (http)
2026-03-20 21:01:14.877 [main] INFO  org.apache.coyote.http11.Http11NioProtocol - Initializing ProtocolHandler ["http-nio-5000"]
2026-03-20 21:01:14.878 [main] INFO  org.apache.catalina.core.StandardService - Starting service [Tomcat]
2026-03-20 21:01:14.878 [main] INFO  org.apache.catalina.core.StandardEngine - Starting Servlet engine: [Apache Tomcat/9.0.83]
2026-03-20 21:01:15.069 [main] INFO  o.a.c.core.ContainerBase.[Tomcat].[localhost].[/] - Initializing Spring embedded WebApplicationContext
2026-03-20 21:01:15.069 [main] INFO  o.s.b.w.s.c.ServletWebServerApplicationContext - Root WebApplicationContext: initialization completed in 1498 ms
2026-03-20 21:01:16.666 [main] INFO  o.s.security.web.DefaultSecurityFilterChain - Will secure any request with [org.springframework.security.web.session.DisableEncodeUrlFilter@6e9a10cd, org.springframework.security.web.context.request.async.WebAsyncManagerIntegrationFilter@6ea66c33, org.springframework.security.web.context.SecurityContextPersistenceFilter@3686389, org.springframework.security.web.header.HeaderWriterFilter@5f0677f3, org.springframework.security.web.authentication.logout.LogoutFilter@46ab4efc, org.springframework.security.web.authentication.UsernamePasswordAuthenticationFilter@27896d3b, org.springframework.security.web.authentication.ui.DefaultLoginPageGeneratingFilter@29b5533, org.springframework.security.web.authentication.ui.DefaultLogoutPageGeneratingFilter@59b447a4, org.springframework.security.web.savedrequest.RequestCacheAwareFilter@4228f269, org.springframework.security.web.servletapi.SecurityContextHolderAwareRequestFilter@376b5cb2, org.springframework.security.web.authentication.AnonymousAuthenticationFilter@69ba3f4e, org.springframework.security.web.session.SessionManagementFilter@4cd7d5e1, org.springframework.security.web.access.ExceptionTranslationFilter@5103eea2, org.springframework.security.web.access.intercept.FilterSecurityInterceptor@d62472f]
2026-03-20 21:01:16.837 [main] INFO  o.s.b.a.web.servlet.WelcomePageHandlerMapping - Adding welcome page template: index
2026-03-20 21:01:17.258 [main] INFO  org.apache.coyote.http11.Http11NioProtocol - Starting ProtocolHandler ["http-nio-5000"]
2026-03-20 21:01:17.296 [main] INFO  o.s.boot.web.embedded.tomcat.TomcatWebServer - Tomcat started on port(s): 5000 (http) with context path ''
2026-03-20 21:01:17.299 [main] INFO  o.s.a.rabbit.connection.CachingConnectionFactory - Attempting to connect to: [localhost:5672]
2026-03-20 21:01:21.394 [main] INFO  o.s.a.r.listener.SimpleMessageListenerContainer - Broker not available; cannot force queue declarations during start: java.net.ConnectException: Connection refused: connect
2026-03-20 21:01:21.400 [org.springframework.amqp.rabbit.RabbitListenerEndpointContainer#0-1] INFO  o.s.a.rabbit.connection.CachingConnectionFactory - Attempting to connect to: [localhost:5672]
2026-03-20 21:01:25.466 [org.springframework.amqp.rabbit.RabbitListenerEndpointContainer#0-1] ERROR o.s.a.r.listener.SimpleMessageListenerContainer - Failed to check/redeclare auto-delete queue(s).
org.springframework.amqp.AmqpConnectException: java.net.ConnectException: Connection refused: connect
	at org.springframework.amqp.rabbit.support.RabbitExceptionTranslator.convertRabbitAccessException(RabbitExceptionTranslator.java:61)
	at org.springframework.amqp.rabbit.connection.AbstractConnectionFactory.createBareConnection(AbstractConnectionFactory.java:603)
	at org.springframework.amqp.rabbit.connection.CachingConnectionFactory.createConnection(CachingConnectionFactory.java:725)
	at org.springframework.amqp.rabbit.connection.ConnectionFactoryUtils.createConnection(ConnectionFactoryUtils.java:252)
	at org.springframework.amqp.rabbit.core.RabbitTemplate.doExecute(RabbitTemplate.java:2210)
	at org.springframework.amqp.rabbit.core.RabbitTemplate.execute(RabbitTemplate.java:2183)
	at org.springframework.amqp.rabbit.core.RabbitTemplate.execute(RabbitTemplate.java:2163)
	at org.springframework.amqp.rabbit.core.RabbitAdmin.getQueueInfo(RabbitAdmin.java:469)
	at org.springframework.amqp.rabbit.core.RabbitAdmin.getQueueProperties(RabbitAdmin.java:453)
	at org.springframework.amqp.rabbit.listener.AbstractMessageListenerContainer.attemptDeclarations(AbstractMessageListenerContainer.java:1995)
	at org.springframework.amqp.rabbit.listener.AbstractMessageListenerContainer.redeclareElementsIfNecessary(AbstractMessageListenerContainer.java:1963)
	at org.springframework.amqp.rabbit.listener.SimpleMessageListenerContainer$AsyncMessageProcessingConsumer.initialize(SimpleMessageListenerContainer.java:1381)
	at org.springframework.amqp.rabbit.listener.SimpleMessageListenerContainer$AsyncMessageProcessingConsumer.run(SimpleMessageListenerContainer.java:1223)
	at java.lang.Thread.run(Thread.java:750)
Caused by: java.net.ConnectException: Connection refused: connect
	at java.net.DualStackPlainSocketImpl.waitForConnect(Native Method)
	at java.net.DualStackPlainSocketImpl.socketConnect(DualStackPlainSocketImpl.java:81)
	at java.net.AbstractPlainSocketImpl.doConnect(AbstractPlainSocketImpl.java:476)
	at java.net.AbstractPlainSocketImpl.connectToAddress(AbstractPlainSocketImpl.java:218)
	at java.net.AbstractPlainSocketImpl.connect(AbstractPlainSocketImpl.java:200)
	at java.net.PlainSocketImpl.connect(PlainSocketImpl.java:162)
	at java.net.SocksSocketImpl.connect(SocksSocketImpl.java:394)
	at java.net.Socket.connect(Socket.java:606)
	at com.rabbitmq.client.impl.SocketFrameHandlerFactory.create(SocketFrameHandlerFactory.java:62)
	at com.rabbitmq.client.ConnectionFactory.newConnection(ConnectionFactory.java:1234)
	at com.rabbitmq.client.ConnectionFactory.newConnection(ConnectionFactory.java:1184)
	at org.springframework.amqp.rabbit.connection.AbstractConnectionFactory.connectAddresses(AbstractConnectionFactory.java:641)
	at org.springframework.amqp.rabbit.connection.AbstractConnectionFactory.connect(AbstractConnectionFactory.java:616)
	at org.springframework.amqp.rabbit.connection.AbstractConnectionFactory.createBareConnection(AbstractConnectionFactory.java:566)
	... 12 common frames omitted
2026-03-20 21:01:25.469 [org.springframework.amqp.rabbit.RabbitListenerEndpointContainer#0-1] INFO  o.s.a.rabbit.connection.CachingConnectionFactory - Attempting to connect to: [localhost:5672]
2026-03-20 21:01:29.547 [main] INFO  o.s.a.rabbit.connection.CachingConnectionFactory - Attempting to connect to: [localhost:5672]
2026-03-20 21:01:33.650 [main] INFO  o.s.a.r.listener.SimpleMessageListenerContainer - Broker not available; cannot force queue declarations during start: java.net.ConnectException: Connection refused: connect
2026-03-20 21:01:33.652 [org.springframework.amqp.rabbit.RabbitListenerEndpointContainer#1-1] INFO  o.s.a.rabbit.connection.CachingConnectionFactory - Attempting to connect to: [localhost:5672]
2026-03-20 21:01:34.640 [org.springframework.amqp.rabbit.RabbitListenerEndpointContainer#0-1] WARN  o.s.a.r.listener.SimpleMessageListenerContainer - Consumer raised exception, processing can restart if the connection factory supports it. Exception summary: org.springframework.amqp.AmqpConnectException: java.net.ConnectException: Connection refused: connect
2026-03-20 21:01:34.643 [org.springframework.amqp.rabbit.RabbitListenerEndpointContainer#0-1] INFO  o.s.a.r.listener.SimpleMessageListenerContainer - Restarting Consumer@319aa9ee: tags=[[]], channel=null, acknowledgeMode=AUTO local queue size=0
2026-03-20 21:01:37.739 [org.springframework.amqp.rabbit.RabbitListenerEndpointContainer#0-2] INFO  o.s.a.rabbit.connection.CachingConnectionFactory - Attempting to connect to: [localhost:5672]
2026-03-20 21:01:37.739 [org.springframework.amqp.rabbit.RabbitListenerEndpointContainer#1-1] ERROR o.s.a.r.listener.SimpleMessageListenerContainer - Failed to check/redeclare auto-delete queue(s).
org.springframework.amqp.AmqpConnectException: java.net.ConnectException: Connection refused: connect
	at org.springframework.amqp.rabbit.support.RabbitExceptionTranslator.convertRabbitAccessException(RabbitExceptionTranslator.java:61)
	at org.springframework.amqp.rabbit.connection.AbstractConnectionFactory.createBareConnection(AbstractConnectionFactory.java:603)
	at org.springframework.amqp.rabbit.connection.CachingConnectionFactory.createConnection(CachingConnectionFactory.java:725)
	at org.springframework.amqp.rabbit.connection.ConnectionFactoryUtils.createConnection(ConnectionFactoryUtils.java:252)
	at org.springframework.amqp.rabbit.core.RabbitTemplate.doExecute(RabbitTemplate.java:2210)
	at org.springframework.amqp.rabbit.core.RabbitTemplate.execute(RabbitTemplate.java:2183)
	at org.springframework.amqp.rabbit.core.RabbitTemplate.execute(RabbitTemplate.java:2163)
	at org.springframework.amqp.rabbit.core.RabbitAdmin.getQueueInfo(RabbitAdmin.java:469)
	at org.springframework.amqp.rabbit.core.RabbitAdmin.getQueueProperties(RabbitAdmin.java:453)
	at org.springframework.amqp.rabbit.listener.AbstractMessageListenerContainer.attemptDeclarations(AbstractMessageListenerContainer.java:1995)
	at org.springframework.amqp.rabbit.listener.AbstractMessageListenerContainer.redeclareElementsIfNecessary(AbstractMessageListenerContainer.java:1963)
	at org.springframework.amqp.rabbit.listener.SimpleMessageListenerContainer$AsyncMessageProcessingConsumer.initialize(SimpleMessageListenerContainer.java:1381)
	at org.springframework.amqp.rabbit.listener.SimpleMessageListenerContainer$AsyncMessageProcessingConsumer.run(SimpleMessageListenerContainer.java:1223)
	at java.lang.Thread.run(Thread.java:750)
Caused by: java.net.ConnectException: Connection refused: connect
	at java.net.DualStackPlainSocketImpl.waitForConnect(Native Method)
	at java.net.DualStackPlainSocketImpl.socketConnect(DualStackPlainSocketImpl.java:81)
	at java.net.AbstractPlainSocketImpl.doConnect(AbstractPlainSocketImpl.java:476)
	at java.net.AbstractPlainSocketImpl.connectToAddress(AbstractPlainSocketImpl.java:218)
	at java.net.AbstractPlainSocketImpl.connect(AbstractPlainSocketImpl.java:200)
	at java.net.PlainSocketImpl.connect(PlainSocketImpl.java:162)
	at java.net.SocksSocketImpl.connect(SocksSocketImpl.java:394)
	at java.net.Socket.connect(Socket.java:606)
	at com.rabbitmq.client.impl.SocketFrameHandlerFactory.create(SocketFrameHandlerFactory.java:62)
	at com.rabbitmq.client.ConnectionFactory.newConnection(ConnectionFactory.java:1234)
	at com.rabbitmq.client.ConnectionFactory.newConnection(ConnectionFactory.java:1184)
	at org.springframework.amqp.rabbit.connection.AbstractConnectionFactory.connectAddresses(AbstractConnectionFactory.java:641)
	at org.springframework.amqp.rabbit.connection.AbstractConnectionFactory.connect(AbstractConnectionFactory.java:616)
	at org.springframework.amqp.rabbit.connection.AbstractConnectionFactory.createBareConnection(AbstractConnectionFactory.java:566)
	... 12 common frames omitted
2026-03-20 21:01:41.875 [org.springframework.amqp.rabbit.RabbitListenerEndpointContainer#0-2] ERROR o.s.a.r.listener.SimpleMessageListenerContainer - Failed to check/redeclare auto-delete queue(s).
2026-03-20 21:01:41.875 [org.springframework.amqp.rabbit.RabbitListenerEndpointContainer#1-1] INFO  o.s.a.rabbit.connection.CachingConnectionFactory - Attempting to connect to: [localhost:5672]
2026-03-20 21:01:45.970 [org.springframework.amqp.rabbit.RabbitListenerEndpointContainer#0-2] INFO  o.s.a.rabbit.connection.CachingConnectionFactory - Attempting to connect to: [localhost:5672]
2026-03-20 21:01:45.979 [main] INFO  com.database.mico_database.MicoDatabaseApplication - Started MicoDatabaseApplication in 32.844 seconds (JVM running for 34.52)
2026-03-20 21:01:51.049 [org.springframework.amqp.rabbit.RabbitListenerEndpointContainer#1-1] WARN  o.s.a.r.listener.SimpleMessageListenerContainer - Consumer raised exception, processing can restart if the connection factory supports it. Exception summary: org.springframework.amqp.AmqpConnectException: java.net.ConnectException: Connection refused: connect
2026-03-20 21:01:51.049 [org.springframework.amqp.rabbit.RabbitListenerEndpointContainer#1-1] INFO  o.s.a.r.listener.SimpleMessageListenerContainer - Restarting Consumer@5503c7d: tags=[[]], channel=null, acknowledgeMode=AUTO local queue size=0
2026-03-20 21:01:51.052 [org.springframework.amqp.rabbit.RabbitListenerEndpointContainer#1-2] INFO  o.s.a.rabbit.connection.CachingConnectionFactory - Attempting to connect to: [localhost:5672]
2026-03-20 21:01:55.143 [org.springframework.amqp.rabbit.RabbitListenerEndpointContainer#1-2] ERROR o.s.a.r.listener.SimpleMessageListenerContainer - Failed to check/redeclare auto-delete queue(s).
2026-03-20 21:01:55.143 [org.springframework.amqp.rabbit.RabbitListenerEndpointContainer#1-2] INFO  o.s.a.rabbit.connection.CachingConnectionFactory - Attempting to connect to: [localhost:5672]
2026-03-20 21:01:55.205 [org.springframework.amqp.rabbit.RabbitListenerEndpointContainer#0-2] WARN  o.s.a.r.listener.SimpleMessageListenerContainer - Consumer raised exception, processing can restart if the connection factory supports it. Exception summary: org.springframework.amqp.AmqpConnectException: java.net.ConnectException: Connection refused: connect
2026-03-20 21:01:55.205 [org.springframework.amqp.rabbit.RabbitListenerEndpointContainer#0-2] INFO  o.s.a.r.listener.SimpleMessageListenerContainer - Restarting Consumer@4af5e83c: tags=[[]], channel=null, acknowledgeMode=AUTO local queue size=0
2026-03-20 21:01:59.257 [org.springframework.amqp.rabbit.RabbitListenerEndpointContainer#0-3] INFO  o.s.a.rabbit.connection.CachingConnectionFactory - Attempting to connect to: [localhost:5672]
2026-03-20 21:02:03.314 [org.springframework.amqp.rabbit.RabbitListenerEndpointContainer#0-3] ERROR o.s.a.r.listener.SimpleMessageListenerContainer - Failed to check/redeclare auto-delete queue(s).
2026-03-20 21:02:03.314 [org.springframework.amqp.rabbit.RabbitListenerEndpointContainer#0-3] INFO  o.s.a.rabbit.connection.CachingConnectionFactory - Attempting to connect to: [localhost:5672]
2026-03-20 21:02:04.368 [org.springframework.amqp.rabbit.RabbitListenerEndpointContainer#1-2] WARN  o.s.a.r.listener.SimpleMessageListenerContainer - Consumer raised exception, processing can restart if the connection factory supports it. Exception summary: org.springframework.amqp.AmqpConnectException: java.net.ConnectException: Connection refused: connect
2026-03-20 21:02:04.368 [org.springframework.amqp.rabbit.RabbitListenerEndpointContainer#1-2] INFO  o.s.a.r.listener.SimpleMessageListenerContainer - Restarting Consumer@35b9bc86: tags=[[]], channel=null, acknowledgeMode=AUTO local queue size=0
2026-03-20 21:02:07.421 [org.springframework.amqp.rabbit.RabbitListenerEndpointContainer#1-3] INFO  o.s.a.rabbit.connection.CachingConnectionFactory - Attempting to connect to: [localhost:5672]
2026-03-20 21:02:11.543 [org.springframework.amqp.rabbit.RabbitListenerEndpointContainer#0-4] INFO  o.s.a.r.listener.SimpleMessageListenerContainer - Waiting for workers to finish.
2026-03-20 21:02:11.543 [org.springframework.amqp.rabbit.RabbitListenerEndpointContainer#0-4] INFO  o.s.a.r.listener.SimpleMessageListenerContainer - Successfully waited for workers to finish.
2026-03-20 21:02:11.544 [org.springframework.amqp.rabbit.RabbitListenerEndpointContainer#1-4] INFO  o.s.a.r.listener.SimpleMessageListenerContainer - Waiting for workers to finish.
2026-03-20 21:02:11.544 [org.springframework.amqp.rabbit.RabbitListenerEndpointContainer#1-4] INFO  o.s.a.r.listener.SimpleMessageListenerContainer - Successfully waited for workers to finish.
2026-03-20 21:02:11.550 [org.springframework.amqp.rabbit.RabbitListenerEndpointContainer#1-3] ERROR o.s.a.r.listener.SimpleMessageListenerContainer - Failed to check/redeclare auto-delete queue(s).
2026-03-20 21:02:11.550 [org.springframework.amqp.rabbit.RabbitListenerEndpointContainer#1-3] INFO  o.s.a.rabbit.connection.CachingConnectionFactory - Attempting to connect to: [localhost:5672]
