#
# There is insufficient memory for the Java Runtime Environment to continue.
# Native memory allocation (mmap) failed to map 31457280 bytes for G1 virtual space
# Possible reasons:
#   The system is out of physical RAM or swap space
#   The process is running with CompressedOops enabled, and the Java Heap may be blocking the growth of the native heap
# Possible solutions:
#   Reduce memory load on the system
#   Increase physical memory or swap space
#   Check if swap backing store is full
#   Decrease Java heap size (-Xmx/-Xms)
#   Decrease number of Java threads
#   Decrease Java thread stack sizes (-Xss)
#   Set larger code cache with -XX:ReservedCodeCacheSize=
#   JVM is running with Zero Based Compressed Oops mode in which the Java heap is
#     placed in the first 32GB address space. The Java Heap base address is the
#     maximum limit for the native heap growth. Please use -XX:HeapBaseMinAddress
#     to set the Java Heap base and to place the Java Heap above 32GB virtual address.
# This output file may be truncated or incomplete.
#
#  Out of Memory Error (os_windows.cpp:3551), pid=21264, tid=16868
#
# JRE version: Java(TM) SE Runtime Environment (17.0.16+12) (build 17.0.16+12-LTS-247)
# Java VM: Java HotSpot(TM) 64-Bit Server VM (17.0.16+12-LTS-247, mixed mode, emulated-client, sharing, tiered, compressed oops, compressed class ptrs, g1 gc, windows-amd64)
# No core dump will be written. Minidumps are not enabled by default on client versions of Windows
#

---------------  S U M M A R Y ------------

Command Line: -XX:TieredStopAtLevel=1 -Dspring.output.ansi.enabled=always -Dcom.sun.management.jmxremote -Dspring.jmx.enabled=true -Dspring.liveBeansView.mbeanDomain -Dspring.application.admin.enabled=true -Dmanagement.endpoints.jmx.exposure.include=* -javaagent:D:\IntelliJ IDEA 2024.1\lib\idea_rt.jar=5241:D:\IntelliJ IDEA 2024.1\bin -Dfile.encoding=UTF-8 com.database.mico_database.MicoDatabaseApplication

Host: AMD Ryzen 7 4800H with Radeon Graphics         , 16 cores, 15G,  Windows 10 , 64 bit Build 19041 (10.0.19041.5915)
Time: Fri Nov 28 09:57:24 2025  Windows 10 , 64 bit Build 19041 (10.0.19041.5915) elapsed time: 22.943138 seconds (0d 0h 0m 22s)

---------------  T H R E A D  ---------------

Current thread (0x000001dda0f2c690):  VMThread "VM Thread" [stack: 0x00000047fc300000,0x00000047fc400000] [id=16868]

Stack: [0x00000047fc300000,0x00000047fc400000]
Native frames: (J=compiled Java code, j=interpreted, Vv=VM code, C=native code)
V  [jvm.dll+0x67a46a]
V  [jvm.dll+0x7da77d]
V  [jvm.dll+0x7dc0c3]
V  [jvm.dll+0x7dc733]
V  [jvm.dll+0x24523f]
V  [jvm.dll+0x677499]
V  [jvm.dll+0x66c122]
V  [jvm.dll+0x302156]
V  [jvm.dll+0x3096f6]
V  [jvm.dll+0x35a04e]
V  [jvm.dll+0x35a27f]
V  [jvm.dll+0x2d9228]
V  [jvm.dll+0x2d765d]
V  [jvm.dll+0x2d6cac]
V  [jvm.dll+0x31a80b]
V  [jvm.dll+0x7e102b]
V  [jvm.dll+0x7e1d64]
V  [jvm.dll+0x7e227d]
V  [jvm.dll+0x7e2654]
V  [jvm.dll+0x7e2720]
V  [jvm.dll+0x78b18a]
V  [jvm.dll+0x679355]
C  [ucrtbase.dll+0x21bb2]
C  [KERNEL32.DLL+0x17374]
C  [ntdll.dll+0x4cc91]

VM_Operation (0x00000047ff2fa680): G1CollectForAllocation, mode: safepoint, requested by thread 0x000001dde7dae950


---------------  P R O C E S S  ---------------

Threads class SMR info:
_java_thread_list=0x000001dde8b07780, length=46, elements={
0x000001dda0f311b0, 0x000001dda0f31e20, 0x000001dde6011280, 0x000001dde6013040,
0x000001dde6014210, 0x000001dde6014bc0, 0x000001dde6019e50, 0x000001dde601a840,
0x000001dde61047e0, 0x000001dde63f8610, 0x000001dde63f8ae0, 0x000001dde6674400,
0x000001dde6b9d160, 0x000001dde6bb7ba0, 0x000001dde7d57460, 0x000001dde7d57c20,
0x000001dde7d580f0, 0x000001dde7d74040, 0x000001dde7db0b00, 0x000001dde7db0160,
0x000001dde7db1e40, 0x000001dde7dae480, 0x000001dde7db0fd0, 0x000001dde7db0630,
0x000001dde7dae950, 0x000001dde7db14a0, 0x000001dde7db1970, 0x000001dde7daee20,
0x000001dde7daf2f0, 0x000001dde7daf7c0, 0x000001dde7dafc90, 0x000001dde8685750,
0x000001dde86848e0, 0x000001dde8686f60, 0x000001dde86865c0, 0x000001dde868adf0,
0x000001dde8685c20, 0x000001dde86895e0, 0x000001dde7590fc0, 0x000001dde8687430,
0x000001dde8689ab0, 0x000001dde6698ac0, 0x000001dde8822580, 0x000001dde8687900,
0x000001dde8685280, 0x000001dde8687dd0
}

Java Threads: ( => current thread )
  0x000001dda0f311b0 JavaThread "Reference Handler" daemon [_thread_blocked, id=17308, stack(0x00000047fc400000,0x00000047fc500000)]
  0x000001dda0f31e20 JavaThread "Finalizer" daemon [_thread_blocked, id=17720, stack(0x00000047fc500000,0x00000047fc600000)]
  0x000001dde6011280 JavaThread "Signal Dispatcher" daemon [_thread_blocked, id=12544, stack(0x00000047fc600000,0x00000047fc700000)]
  0x000001dde6013040 JavaThread "Attach Listener" daemon [_thread_blocked, id=4480, stack(0x00000047fc700000,0x00000047fc800000)]
  0x000001dde6014210 JavaThread "Service Thread" daemon [_thread_blocked, id=19348, stack(0x00000047fc800000,0x00000047fc900000)]
  0x000001dde6014bc0 JavaThread "Monitor Deflation Thread" daemon [_thread_blocked, id=10688, stack(0x00000047fc900000,0x00000047fca00000)]
  0x000001dde6019e50 JavaThread "C1 CompilerThread0" daemon [_thread_blocked, id=23980, stack(0x00000047fca00000,0x00000047fcb00000)]
  0x000001dde601a840 JavaThread "Sweeper thread" daemon [_thread_blocked, id=20600, stack(0x00000047fcb00000,0x00000047fcc00000)]
  0x000001dde61047e0 JavaThread "Common-Cleaner" daemon [_thread_blocked, id=24528, stack(0x00000047fcc00000,0x00000047fcd00000)]
  0x000001dde63f8610 JavaThread "Monitor Ctrl-Break" daemon [_thread_in_native, id=20352, stack(0x00000047fd100000,0x00000047fd200000)]
  0x000001dde63f8ae0 JavaThread "Notification Thread" daemon [_thread_blocked, id=24412, stack(0x00000047fd200000,0x00000047fd300000)]
  0x000001dde6674400 JavaThread "RMI TCP Accept-0" daemon [_thread_in_native, id=23636, stack(0x00000047fd300000,0x00000047fd400000)]
  0x000001dde6b9d160 JavaThread "RMI TCP Connection(1)-192.168.72.1" daemon [_thread_in_native, id=24072, stack(0x00000047fdd00000,0x00000047fde00000)]
  0x000001dde6bb7ba0 JavaThread "RMI Scheduler(0)" daemon [_thread_blocked, id=24176, stack(0x00000047fde00000,0x00000047fdf00000)]
  0x000001dde7d57460 JavaThread "Catalina-utility-1" [_thread_blocked, id=23668, stack(0x00000047fe800000,0x00000047fe900000)]
  0x000001dde7d57c20 JavaThread "Catalina-utility-2" [_thread_blocked, id=16168, stack(0x00000047fe900000,0x00000047fea00000)]
  0x000001dde7d580f0 JavaThread "container-0" [_thread_blocked, id=7152, stack(0x00000047fea00000,0x00000047feb00000)]
  0x000001dde7d74040 JavaThread "mysql-cj-abandoned-connection-cleanup" daemon [_thread_blocked, id=6936, stack(0x00000047feb00000,0x00000047fec00000)]
  0x000001dde7db0b00 JavaThread "lettuce-timer-3-1" daemon [_thread_blocked, id=23924, stack(0x00000047fec00000,0x00000047fed00000)]
  0x000001dde7db0160 JavaThread "http-nio-5000-exec-1" daemon [_thread_blocked, id=22932, stack(0x00000047fed00000,0x00000047fee00000)]
  0x000001dde7db1e40 JavaThread "http-nio-5000-exec-2" daemon [_thread_blocked, id=10852, stack(0x00000047fee00000,0x00000047fef00000)]
  0x000001dde7dae480 JavaThread "http-nio-5000-exec-3" daemon [_thread_blocked, id=6620, stack(0x00000047fef00000,0x00000047ff000000)]
  0x000001dde7db0fd0 JavaThread "http-nio-5000-exec-4" daemon [_thread_blocked, id=5692, stack(0x00000047ff000000,0x00000047ff100000)]
  0x000001dde7db0630 JavaThread "http-nio-5000-exec-5" daemon [_thread_blocked, id=12188, stack(0x00000047ff100000,0x00000047ff200000)]
  0x000001dde7dae950 JavaThread "http-nio-5000-exec-6" daemon [_thread_blocked, id=16156, stack(0x00000047ff200000,0x00000047ff300000)]
  0x000001dde7db14a0 JavaThread "http-nio-5000-exec-7" daemon [_thread_blocked, id=23952, stack(0x00000047ff300000,0x00000047ff400000)]
  0x000001dde7db1970 JavaThread "http-nio-5000-exec-8" daemon [_thread_blocked, id=23688, stack(0x00000047ff400000,0x00000047ff500000)]
  0x000001dde7daee20 JavaThread "http-nio-5000-exec-9" daemon [_thread_blocked, id=23576, stack(0x00000047ff500000,0x00000047ff600000)]
  0x000001dde7daf2f0 JavaThread "http-nio-5000-exec-10" daemon [_thread_blocked, id=5568, stack(0x00000047ff600000,0x00000047ff700000)]
  0x000001dde7daf7c0 JavaThread "http-nio-5000-Poller" daemon [_thread_in_native, id=23588, stack(0x00000047ff700000,0x00000047ff800000)]
  0x000001dde7dafc90 JavaThread "http-nio-5000-Acceptor" daemon [_thread_in_native, id=7812, stack(0x00000047ff800000,0x00000047ff900000)]
  0x000001dde8685750 JavaThread "AMQP Connection 127.0.0.1:5672" [_thread_in_native, id=24240, stack(0x00000047ffa00000,0x00000047ffb00000)]
  0x000001dde86848e0 JavaThread "pool-3-thread-2" [_thread_blocked, id=24244, stack(0x00000047ffb00000,0x00000047ffc00000)]
  0x000001dde8686f60 JavaThread "org.springframework.amqp.rabbit.RabbitListenerEndpointContainer#0-1" [_thread_blocked, id=24376, stack(0x00000047ffc00000,0x00000047ffd00000)]
  0x000001dde86865c0 JavaThread "pool-3-thread-3" [_thread_blocked, id=3244, stack(0x00000047ffd00000,0x00000047ffe00000)]
  0x000001dde868adf0 JavaThread "org.springframework.amqp.rabbit.RabbitListenerEndpointContainer#1-1" [_thread_blocked, id=21276, stack(0x00000047ffe00000,0x00000047fff00000)]
  0x000001dde8685c20 JavaThread "pool-3-thread-4" [_thread_blocked, id=1956, stack(0x00000047fff00000,0x0000004800000000)]
  0x000001dde86895e0 JavaThread "DestroyJavaVM" [_thread_blocked, id=24040, stack(0x00000047fbd00000,0x00000047fbe00000)]
  0x000001dde7590fc0 JavaThread "C1 CompilerThread1" daemon [_thread_blocked, id=2712, stack(0x0000004780000000,0x0000004780100000)]
  0x000001dde8687430 JavaThread "HikariPool-1 housekeeper" daemon [_thread_blocked, id=14736, stack(0x0000004780100000,0x0000004780200000)]
  0x000001dde8689ab0 JavaThread "HikariPool-1 connection adder" daemon [_thread_blocked, id=23792, stack(0x0000004780200000,0x0000004780300000)]
  0x000001dde6698ac0 JavaThread "C1 CompilerThread2" daemon [_thread_blocked, id=2724, stack(0x0000004780300000,0x0000004780400000)]
  0x000001dde8822580 JavaThread "C1 CompilerThread3" daemon [_thread_blocked, id=4864, stack(0x0000004780400000,0x0000004780500000)]
  0x000001dde8687900 JavaThread "lettuce-nioEventLoop-4-1" daemon [_thread_in_native, id=7184, stack(0x0000004780500000,0x0000004780600000)]
  0x000001dde8685280 JavaThread "lettuce-eventExecutorLoop-1-1" daemon [_thread_blocked, id=4008, stack(0x0000004780600000,0x0000004780700000)]
  0x000001dde8687dd0 JavaThread "lettuce-eventExecutorLoop-1-2" daemon [_thread_blocked, id=18192, stack(0x0000004780700000,0x0000004780800000)]

Other Threads:
=>0x000001dda0f2c690 VMThread "VM Thread" [stack: 0x00000047fc300000,0x00000047fc400000] [id=16868]
  0x000001dde6103870 WatcherThread [stack: 0x00000047fd400000,0x00000047fd500000] [id=24200]
  0x000001dd87d25aa0 GCTaskThread "GC Thread#0" [stack: 0x00000047fbe00000,0x00000047fbf00000] [id=7720]
  0x000001dde69f4880 GCTaskThread "GC Thread#1" [stack: 0x00000047fd500000,0x00000047fd600000] [id=3908]
  0x000001dde69f4b40 GCTaskThread "GC Thread#2" [stack: 0x00000047fd600000,0x00000047fd700000] [id=16164]
  0x000001dde69e68a0 GCTaskThread "GC Thread#3" [stack: 0x00000047fd700000,0x00000047fd800000] [id=14508]
  0x000001dde69e7370 GCTaskThread "GC Thread#4" [stack: 0x00000047fd800000,0x00000047fd900000] [id=24116]
  0x000001dde6a448d0 GCTaskThread "GC Thread#5" [stack: 0x00000047fd900000,0x00000047fda00000] [id=24092]
  0x000001dde6a44fa0 GCTaskThread "GC Thread#6" [stack: 0x00000047fda00000,0x00000047fdb00000] [id=24172]
  0x000001dde6a45260 GCTaskThread "GC Thread#7" [stack: 0x00000047fdb00000,0x00000047fdc00000] [id=24184]
  0x000001dde6a45d30 GCTaskThread "GC Thread#8" [stack: 0x00000047fdc00000,0x00000047fdd00000] [id=24140]
  0x000001dde72ab220 GCTaskThread "GC Thread#9" [stack: 0x00000047fe300000,0x00000047fe400000] [id=23816]
  0x000001dde72af990 GCTaskThread "GC Thread#10" [stack: 0x00000047fe400000,0x00000047fe500000] [id=23712]
  0x000001dde72a5a80 GCTaskThread "GC Thread#11" [stack: 0x00000047fe500000,0x00000047fe600000] [id=7128]
  0x000001dde72dc3e0 GCTaskThread "GC Thread#12" [stack: 0x00000047fe600000,0x00000047fe700000] [id=24416]
  0x000001dd87d35fb0 ConcurrentGCThread "G1 Main Marker" [stack: 0x00000047fbf00000,0x00000047fc000000] [id=17496]
  0x000001dd87d368c0 ConcurrentGCThread "G1 Conc#0" [stack: 0x00000047fc000000,0x00000047fc100000] [id=23232]
  0x000001dde72db360 ConcurrentGCThread "G1 Conc#1" [stack: 0x00000047fdf00000,0x00000047fe000000] [id=13480]
  0x000001dde72db620 ConcurrentGCThread "G1 Conc#2" [stack: 0x00000047fe700000,0x00000047fe800000] [id=18380]
  0x000001dda0de8630 ConcurrentGCThread "G1 Refine#0" [stack: 0x00000047fc100000,0x00000047fc200000] [id=1528]
  0x000001dda0de8d10 ConcurrentGCThread "G1 Service" [stack: 0x00000047fc200000,0x00000047fc300000] [id=15128]

Threads with active compile tasks:

VM state: at safepoint (normal execution)

VM Mutex/Monitor currently owned by a thread:  ([mutex/lock_event])
[0x000001dd87cb8a30] Threads_lock - owner thread: 0x000001dda0f2c690
[0x000001dd87cb8880] Heap_lock - owner thread: 0x000001dde7dae950

Heap address: 0x0000000709400000, size: 3948 MB, Compressed Oops mode: Zero based, Oop shift amount: 3

CDS archive(s) mapped at: [0x000001dda1000000-0x000001dda1bd0000-0x000001dda1bd0000), size 12386304, SharedBaseAddress: 0x000001dda1000000, ArchiveRelocationMode: 1.
Compressed class space mapped at: 0x000001dda2000000-0x000001dde2000000, reserved size: 1073741824
Narrow klass base: 0x000001dda1000000, Narrow klass shift: 0, Narrow klass range: 0x100000000

GC Precious Log:
 CPUs: 16 total, 16 available
 Memory: 15786M
 Large Page Support: Disabled
 NUMA Support: Disabled
 Compressed Oops: Enabled (Zero based)
 Heap Region Size: 2M
 Heap Min Capacity: 8M
 Heap Initial Capacity: 248M
 Heap Max Capacity: 3948M
 Pre-touch: Disabled
 Parallel Workers: 13
 Concurrent Workers: 3
 Concurrent Refinement Workers: 13
 Periodic GC: Disabled

Heap:
 garbage-first heap   total 75776K, used 35093K [0x0000000709400000, 0x0000000800000000)
  region size 2048K, 2 young (4096K), 2 survivors (4096K)
 Metaspace       used 64550K, committed 65088K, reserved 1114112K
  class space    used 8811K, committed 9088K, reserved 1048576K

Heap Regions: E=young(eden), S=young(survivor), O=old, HS=humongous(starts), HC=humongous(continues), CS=collection set, F=free, OA=open archive, CA=closed archive, TAMS=top-at-mark-start (previous, next)
|   0|0x0000000709400000, 0x0000000709600000, 0x0000000709600000|100%| O|  |TAMS 0x0000000709600000, 0x0000000709400000| Untracked 
|   1|0x0000000709600000, 0x0000000709800000, 0x0000000709800000|100%| O|  |TAMS 0x0000000709800000, 0x0000000709600000| Untracked 
|   2|0x0000000709800000, 0x0000000709a00000, 0x0000000709a00000|100%| O|  |TAMS 0x0000000709a00000, 0x0000000709800000| Untracked 
|   3|0x0000000709a00000, 0x0000000709c00000, 0x0000000709c00000|100%| O|  |TAMS 0x0000000709c00000, 0x0000000709a00000| Untracked 
|   4|0x0000000709c00000, 0x0000000709e00000, 0x0000000709e00000|100%| O|  |TAMS 0x0000000709e00000, 0x0000000709c00000| Untracked 
|   5|0x0000000709e00000, 0x000000070a000000, 0x000000070a000000|100%| O|  |TAMS 0x000000070a000000, 0x0000000709e00000| Untracked 
|   6|0x000000070a000000, 0x000000070a200000, 0x000000070a200000|100%| O|  |TAMS 0x000000070a200000, 0x000000070a000000| Untracked 
|   7|0x000000070a200000, 0x000000070a400000, 0x000000070a400000|100%| O|  |TAMS 0x000000070a400000, 0x000000070a200000| Untracked 
|   8|0x000000070a400000, 0x000000070a600000, 0x000000070a600000|100%| O|  |TAMS 0x000000070a600000, 0x000000070a400000| Untracked 
|   9|0x000000070a600000, 0x000000070a800000, 0x000000070a800000|100%| O|  |TAMS 0x000000070a800000, 0x000000070a600000| Untracked 
|  10|0x000000070a800000, 0x000000070aa00000, 0x000000070aa00000|100%| O|  |TAMS 0x000000070aa00000, 0x000000070a800000| Untracked 
|  11|0x000000070aa00000, 0x000000070ac00000, 0x000000070ac00000|100%| O|  |TAMS 0x000000070ac00000, 0x000000070aa00000| Untracked 
|  12|0x000000070ac00000, 0x000000070ae00000, 0x000000070ae00000|100%| O|  |TAMS 0x000000070adf3a00, 0x000000070ac00000| Untracked 
|  13|0x000000070ae00000, 0x000000070b000000, 0x000000070b000000|100%| O|  |TAMS 0x000000070ae00000, 0x000000070ae00000| Untracked 
|  14|0x000000070b000000, 0x000000070b200000, 0x000000070b200000|100%| O|  |TAMS 0x000000070b000000, 0x000000070b000000| Untracked 
|  15|0x000000070b200000, 0x000000070b2fac00, 0x000000070b400000| 48%| O|  |TAMS 0x000000070b200000, 0x000000070b200000| Untracked 
|  16|0x000000070b400000, 0x000000070b400000, 0x000000070b600000|  0%| F|  |TAMS 0x000000070b400000, 0x000000070b400000| Untracked 
|  17|0x000000070b600000, 0x000000070b600000, 0x000000070b800000|  0%| F|  |TAMS 0x000000070b600000, 0x000000070b600000| Untracked 
|  18|0x000000070b800000, 0x000000070b800000, 0x000000070ba00000|  0%| F|  |TAMS 0x000000070b800000, 0x000000070b800000| Untracked 
|  19|0x000000070ba00000, 0x000000070ba00000, 0x000000070bc00000|  0%| F|  |TAMS 0x000000070ba00000, 0x000000070ba00000| Untracked 
|  20|0x000000070bc00000, 0x000000070bc00000, 0x000000070be00000|  0%| F|  |TAMS 0x000000070bc00000, 0x000000070bc00000| Untracked 
|  21|0x000000070be00000, 0x000000070be00000, 0x000000070c000000|  0%| F|  |TAMS 0x000000070be00000, 0x000000070be00000| Untracked 
|  22|0x000000070c000000, 0x000000070c000000, 0x000000070c200000|  0%| F|  |TAMS 0x000000070c000000, 0x000000070c000000| Untracked 
|  23|0x000000070c200000, 0x000000070c34a800, 0x000000070c400000| 64%| S|CS|TAMS 0x000000070c200000, 0x000000070c200000| Complete 
|  24|0x000000070c400000, 0x000000070c600000, 0x000000070c600000|100%| S|CS|TAMS 0x000000070c400000, 0x000000070c400000| Complete 
|  25|0x000000070c600000, 0x000000070c600000, 0x000000070c800000|  0%| F|  |TAMS 0x000000070c600000, 0x000000070c600000| Untracked 
|  26|0x000000070c800000, 0x000000070c800000, 0x000000070ca00000|  0%| F|  |TAMS 0x000000070c800000, 0x000000070c800000| Untracked 
|  27|0x000000070ca00000, 0x000000070ca00000, 0x000000070cc00000|  0%| F|  |TAMS 0x000000070ca00000, 0x000000070ca00000| Untracked 
|  28|0x000000070cc00000, 0x000000070cc00000, 0x000000070ce00000|  0%| F|  |TAMS 0x000000070cc00000, 0x000000070cc00000| Untracked 
|  29|0x000000070ce00000, 0x000000070ce00000, 0x000000070d000000|  0%| F|  |TAMS 0x000000070ce00000, 0x000000070ce00000| Untracked 
|  30|0x000000070d000000, 0x000000070d000000, 0x000000070d200000|  0%| F|  |TAMS 0x000000070d000000, 0x000000070d000000| Untracked 
|  31|0x000000070d200000, 0x000000070d200000, 0x000000070d400000|  0%| F|  |TAMS 0x000000070d200000, 0x000000070d200000| Untracked 
|  32|0x000000070d400000, 0x000000070d400000, 0x000000070d600000|  0%| F|  |TAMS 0x000000070d400000, 0x000000070d400000| Untracked 
|  55|0x0000000710200000, 0x0000000710200000, 0x0000000710400000|  0%| F|  |TAMS 0x0000000710200000, 0x0000000710200000| Untracked 
|  56|0x0000000710400000, 0x0000000710400000, 0x0000000710600000|  0%| F|  |TAMS 0x0000000710400000, 0x0000000710400000| Untracked 
|  57|0x0000000710600000, 0x0000000710600000, 0x0000000710800000|  0%| F|  |TAMS 0x0000000710600000, 0x0000000710600000| Untracked 
| 123|0x0000000718a00000, 0x0000000718a00000, 0x0000000718c00000|  0%| F|  |TAMS 0x0000000718a00000, 0x0000000718a00000| Untracked 

Card table byte_map: [0x000001dd953c0000,0x000001dd95b80000] _byte_map_base: 0x000001dd91b76000

Marking Bits (Prev, Next): (CMBitMap*) 0x000001dd87d26000, (CMBitMap*) 0x000001dd87d25fc0
 Prev Bits: [0x000001dd9a0f0000, 0x000001dd9dea0000)
 Next Bits: [0x000001dd96340000, 0x000001dd9a0f0000)

Polling page: 0x000001dd87af0000

Metaspace:

Usage:
  Non-class:     54.43 MB used.
      Class:      8.61 MB used.
       Both:     63.04 MB used.

Virtual space:
  Non-class space:       64.00 MB reserved,      54.69 MB ( 85%) committed,  1 nodes.
      Class space:        1.00 GB reserved,       8.88 MB ( <1%) committed,  1 nodes.
             Both:        1.06 GB reserved,      63.56 MB (  6%) committed. 

Chunk freelists:
   Non-Class:  8.77 MB
       Class:  7.06 MB
        Both:  15.83 MB

MaxMetaspaceSize: unlimited
CompressedClassSpaceSize: 1.00 GB
Initial GC threshold: 21.00 MB
Current GC threshold: 98.75 MB
CDS: on
MetaspaceReclaimPolicy: balanced
 - commit_granule_bytes: 65536.
 - commit_granule_words: 8192.
 - virtual_space_node_default_size: 8388608.
 - enlarge_chunks_in_place: 1.
 - new_chunks_are_fully_committed: 0.
 - uncommit_free_chunks: 1.
 - use_allocation_guard: 0.
 - handle_deallocations: 1.


Internal statistics:

num_allocs_failed_limit: 9.
num_arena_births: 814.
num_arena_deaths: 0.
num_vsnodes_births: 2.
num_vsnodes_deaths: 0.
num_space_committed: 1017.
num_space_uncommitted: 0.
num_chunks_returned_to_freelist: 9.
num_chunks_taken_from_freelist: 3011.
num_chunk_merges: 6.
num_chunk_splits: 2165.
num_chunks_enlarged: 1667.
num_inconsistent_stats: 0.

CodeCache: size=49152Kb used=12446Kb max_used=13552Kb free=36705Kb
 bounds [0x000001dd90d90000, 0x000001dd91ad0000, 0x000001dd93d90000]
 total_blobs=6621 nmethods=5925 adapters=620
 compilation: enabled
              stopped_count=0, restarted_count=0
 full_count=0

Compilation events (20 events):
Event: 22.931 Thread 0x000001dde7590fc0 5916       1       org.unbescape.html.HtmlEscapeSymbols$1::compare (9 bytes)
Event: 22.931 Thread 0x000001dde6698ac0 5917       1       org.unbescape.html.HtmlEscapeSymbols::access$300 (8 bytes)
Event: 22.932 Thread 0x000001dde8822580 nmethod 5915 0x000001dd90fca510 code [0x000001dd90fca6c0, 0x000001dd90fca828]
Event: 22.932 Thread 0x000001dde8822580 5919       1       java.util.Arrays::equals (43 bytes)
Event: 22.932 Thread 0x000001dde7590fc0 nmethod 5916 0x000001dd90fca190 code [0x000001dd90fca320, 0x000001dd90fca408]
Event: 22.932 Thread 0x000001dde6698ac0 nmethod 5917 0x000001dd90fc9e90 code [0x000001dd90fca020, 0x000001dd90fca108]
Event: 22.932 Thread 0x000001dde7590fc0 5920       1       jdk.internal.misc.Unsafe::getLongUnaligned (173 bytes)
Event: 22.932 Thread 0x000001dde6698ac0 5921       1       jdk.internal.util.ArraysSupport::vectorizedMismatch (268 bytes)
Event: 22.932 Thread 0x000001dde8822580 nmethod 5919 0x000001dd90fc9410 code [0x000001dd90fc95c0, 0x000001dd90fc9748]
Event: 22.932 Thread 0x000001dde6019e50 nmethod 5918 0x000001dd90fc9810 code [0x000001dd90fc99e0, 0x000001dd90fc9d38]
Event: 22.932 Thread 0x000001dde8822580 5922       1       jdk.internal.util.ArraysSupport::mismatch (72 bytes)
Event: 22.933 Thread 0x000001dde7590fc0 nmethod 5920 0x000001dd90fc8e90 code [0x000001dd90fc9040, 0x000001dd90fc9358]
Event: 22.933 Thread 0x000001dde6698ac0 nmethod 5921 0x000001dd90fc8890 code [0x000001dd90fc8a60, 0x000001dd90fc8d28]
Event: 22.933 Thread 0x000001dde8822580 nmethod 5922 0x000001dd90fc8290 code [0x000001dd90fc8440, 0x000001dd90fc86b8]
Event: 22.937 Thread 0x000001dde8822580 5923       1       org.unbescape.html.HtmlEscapeSymbols$References::addReference (27 bytes)
Event: 22.937 Thread 0x000001dde6019e50 5924       1       org.unbescape.html.HtmlEscapeSymbols$Reference::<init> (7 bytes)
Event: 22.937 Thread 0x000001dde7590fc0 5925       1       org.unbescape.html.HtmlEscapeSymbols$Reference::<init> (18 bytes)
Event: 22.938 Thread 0x000001dde7590fc0 nmethod 5925 0x000001dd90fc7b90 code [0x000001dd90fc7d40, 0x000001dd90fc80d8]
Event: 22.938 Thread 0x000001dde6019e50 nmethod 5924 0x000001dd90fc7490 code [0x000001dd90fc7640, 0x000001dd90fc79f8]
Event: 22.938 Thread 0x000001dde8822580 nmethod 5923 0x000001dd90fc6b90 code [0x000001dd90fc6d60, 0x000001dd90fc7268]

GC Heap History (20 events):
Event: 3.410 GC heap after
{Heap after GC invocations=7 (full 0):
 garbage-first heap   total 55296K, used 15406K [0x0000000709400000, 0x0000000800000000)
  region size 2048K, 1 young (2048K), 1 survivors (2048K)
 Metaspace       used 27469K, committed 27904K, reserved 1114112K
  class space    used 3800K, committed 3968K, reserved 1048576K
}
Event: 3.733 GC heap before
{Heap before GC invocations=7 (full 0):
 garbage-first heap   total 55296K, used 37934K [0x0000000709400000, 0x0000000800000000)
  region size 2048K, 12 young (24576K), 1 survivors (2048K)
 Metaspace       used 30949K, committed 31424K, reserved 1114112K
  class space    used 4337K, committed 4544K, reserved 1048576K
}
Event: 3.739 GC heap after
{Heap after GC invocations=8 (full 0):
 garbage-first heap   total 155648K, used 17213K [0x0000000709400000, 0x0000000800000000)
  region size 2048K, 2 young (4096K), 2 survivors (4096K)
 Metaspace       used 30949K, committed 31424K, reserved 1114112K
  class space    used 4337K, committed 4544K, reserved 1048576K
}
Event: 4.155 GC heap before
{Heap before GC invocations=8 (full 0):
 garbage-first heap   total 155648K, used 52029K [0x0000000709400000, 0x0000000800000000)
  region size 2048K, 20 young (40960K), 2 survivors (4096K)
 Metaspace       used 35681K, committed 36096K, reserved 1114112K
  class space    used 5001K, committed 5184K, reserved 1048576K
}
Event: 4.159 GC heap after
{Heap after GC invocations=9 (full 0):
 garbage-first heap   total 155648K, used 19120K [0x0000000709400000, 0x0000000800000000)
  region size 2048K, 3 young (6144K), 3 survivors (6144K)
 Metaspace       used 35681K, committed 36096K, reserved 1114112K
  class space    used 5001K, committed 5184K, reserved 1048576K
}
Event: 4.756 GC heap before
{Heap before GC invocations=10 (full 0):
 garbage-first heap   total 75776K, used 58032K [0x0000000709400000, 0x0000000800000000)
  region size 2048K, 22 young (45056K), 3 survivors (6144K)
 Metaspace       used 43244K, committed 43776K, reserved 1114112K
  class space    used 5998K, committed 6272K, reserved 1048576K
}
Event: 4.761 GC heap after
{Heap after GC invocations=11 (full 0):
 garbage-first heap   total 75776K, used 22535K [0x0000000709400000, 0x0000000800000000)
  region size 2048K, 3 young (6144K), 3 survivors (6144K)
 Metaspace       used 43244K, committed 43776K, reserved 1114112K
  class space    used 5998K, committed 6272K, reserved 1048576K
}
Event: 4.789 GC heap before
{Heap before GC invocations=11 (full 0):
 garbage-first heap   total 75776K, used 24583K [0x0000000709400000, 0x0000000800000000)
  region size 2048K, 4 young (8192K), 3 survivors (6144K)
 Metaspace       used 43589K, committed 44096K, reserved 1114112K
  class space    used 6053K, committed 6272K, reserved 1048576K
}
Event: 4.792 GC heap after
{Heap after GC invocations=12 (full 0):
 garbage-first heap   total 75776K, used 23000K [0x0000000709400000, 0x0000000800000000)
  region size 2048K, 1 young (2048K), 1 survivors (2048K)
 Metaspace       used 43589K, committed 44096K, reserved 1114112K
  class space    used 6053K, committed 6272K, reserved 1048576K
}
Event: 5.131 GC heap before
{Heap before GC invocations=12 (full 0):
 garbage-first heap   total 75776K, used 55768K [0x0000000709400000, 0x0000000800000000)
  region size 2048K, 17 young (34816K), 1 survivors (2048K)
 Metaspace       used 46374K, committed 46912K, reserved 1114112K
  class space    used 6500K, committed 6720K, reserved 1048576K
}
Event: 5.134 GC heap after
{Heap after GC invocations=13 (full 0):
 garbage-first heap   total 75776K, used 24316K [0x0000000709400000, 0x0000000800000000)
  region size 2048K, 2 young (4096K), 2 survivors (4096K)
 Metaspace       used 46374K, committed 46912K, reserved 1114112K
  class space    used 6500K, committed 6720K, reserved 1048576K
}
Event: 5.473 GC heap before
{Heap before GC invocations=13 (full 0):
 garbage-first heap   total 75776K, used 57084K [0x0000000709400000, 0x0000000800000000)
  region size 2048K, 18 young (36864K), 2 survivors (4096K)
 Metaspace       used 48739K, committed 49216K, reserved 1114112K
  class space    used 6823K, committed 7040K, reserved 1048576K
}
Event: 5.476 GC heap after
{Heap after GC invocations=14 (full 0):
 garbage-first heap   total 75776K, used 26908K [0x0000000709400000, 0x0000000800000000)
  region size 2048K, 3 young (6144K), 3 survivors (6144K)
 Metaspace       used 48739K, committed 49216K, reserved 1114112K
  class space    used 6823K, committed 7040K, reserved 1048576K
}
Event: 21.872 GC heap before
{Heap before GC invocations=14 (full 0):
 garbage-first heap   total 75776K, used 55580K [0x0000000709400000, 0x0000000800000000)
  region size 2048K, 18 young (36864K), 3 survivors (6144K)
 Metaspace       used 53928K, committed 54464K, reserved 1114112K
  class space    used 7493K, committed 7744K, reserved 1048576K
}
Event: 21.877 GC heap after
{Heap after GC invocations=15 (full 0):
 garbage-first heap   total 75776K, used 28730K [0x0000000709400000, 0x0000000800000000)
  region size 2048K, 3 young (6144K), 3 survivors (6144K)
 Metaspace       used 53928K, committed 54464K, reserved 1114112K
  class space    used 7493K, committed 7744K, reserved 1048576K
}
Event: 22.326 GC heap before
{Heap before GC invocations=15 (full 0):
 garbage-first heap   total 75776K, used 55354K [0x0000000709400000, 0x0000000800000000)
  region size 2048K, 17 young (34816K), 3 survivors (6144K)
 Metaspace       used 59651K, committed 60224K, reserved 1114112K
  class space    used 8120K, committed 8384K, reserved 1048576K
}
Event: 22.330 GC heap after
{Heap after GC invocations=16 (full 0):
 garbage-first heap   total 75776K, used 31881K [0x0000000709400000, 0x0000000800000000)
  region size 2048K, 3 young (6144K), 3 survivors (6144K)
 Metaspace       used 59651K, committed 60224K, reserved 1114112K
  class space    used 8120K, committed 8384K, reserved 1048576K
}
Event: 22.359 GC heap before
{Heap before GC invocations=16 (full 0):
 garbage-first heap   total 75776K, used 33929K [0x0000000709400000, 0x0000000800000000)
  region size 2048K, 5 young (10240K), 3 survivors (6144K)
 Metaspace       used 59930K, committed 60416K, reserved 1114112K
  class space    used 8160K, committed 8384K, reserved 1048576K
}
Event: 22.361 GC heap after
{Heap after GC invocations=17 (full 0):
 garbage-first heap   total 75776K, used 32612K [0x0000000709400000, 0x0000000800000000)
  region size 2048K, 1 young (2048K), 1 survivors (2048K)
 Metaspace       used 59930K, committed 60416K, reserved 1114112K
  class space    used 8160K, committed 8384K, reserved 1048576K
}
Event: 22.938 GC heap before
{Heap before GC invocations=18 (full 0):
 garbage-first heap   total 75776K, used 53092K [0x0000000709400000, 0x0000000800000000)
  region size 2048K, 12 young (24576K), 1 survivors (2048K)
 Metaspace       used 64550K, committed 65088K, reserved 1114112K
  class space    used 8811K, committed 9088K, reserved 1048576K
}

Deoptimization events (4 events):
Event: 4.226 Thread 0x000001dd87cbc390 DEOPT PACKING pc=0x000001dd915b3b52 sp=0x00000047fbdfd460
Event: 4.226 Thread 0x000001dd87cbc390 DEOPT UNPACKING pc=0x000001dd90de2b43 sp=0x00000047fbdfc968 mode 3
Event: 4.226 Thread 0x000001dd87cbc390 DEOPT PACKING pc=0x000001dd9159cd4d sp=0x00000047fbdfd420
Event: 4.226 Thread 0x000001dd87cbc390 DEOPT UNPACKING pc=0x000001dd90de2b43 sp=0x00000047fbdfc968 mode 3

Classes unloaded (0 events):
No events

Classes redefined (0 events):
No events

Internal exceptions (20 events):
Event: 5.574 Thread 0x000001dd87cbc390 Exception <a 'java/lang/NoSuchMethodError'{0x00000007102fa670}: 'void java.lang.invoke.DirectMethodHandle$Holder.invokeSpecial(java.lang.Object, java.lang.Object, int)'> (0x00000007102fa670) 
thrown [s\open\src\hotspot\share\interpreter\linkResolver.cpp, line 759]
Event: 5.576 Thread 0x000001dd87cbc390 Exception <a 'java/lang/NoSuchMethodError'{0x0000000710313208}: 'java.lang.Object java.lang.invoke.DirectMethodHandle$Holder.newInvokeSpecial(java.lang.Object, java.lang.Object, int, java.lang.Object, java.lang.Object)'> (0x0000000710313208) 
thrown [s\open\src\hotspot\share\interpreter\linkResolver.cpp, line 759]
Event: 5.576 Thread 0x000001dd87cbc390 Exception <a 'java/lang/NoSuchMethodError'{0x000000071031e5a8}: 'java.lang.Object java.lang.invoke.DirectMethodHandle$Holder.invokeSpecial(java.lang.Object, java.lang.Object, int, java.lang.Object, int, java.lang.Object)'> (0x000000071031e5a8) 
thrown [s\open\src\hotspot\share\interpreter\linkResolver.cpp, line 759]
Event: 5.577 Thread 0x000001dd87cbc390 Exception <a 'java/lang/NoSuchMethodError'{0x00000007103263b0}: 'java.lang.Object java.lang.invoke.DirectMethodHandle$Holder.newInvokeSpecial(java.lang.Object, java.lang.Object, int, java.lang.Object, int)'> (0x00000007103263b0) 
thrown [s\open\src\hotspot\share\interpreter\linkResolver.cpp, line 759]
Event: 5.577 Thread 0x000001dd87cbc390 Exception <a 'java/lang/NoSuchMethodError'{0x000000071032a4b0}: 'java.lang.Object java.lang.invoke.DirectMethodHandle$Holder.invokeSpecial(java.lang.Object, java.lang.Object, java.lang.Object, int, java.lang.Object, int)'> (0x000000071032a4b0) 
thrown [s\open\src\hotspot\share\interpreter\linkResolver.cpp, line 759]
Event: 14.632 Thread 0x000001dde7db0160 Exception <a 'java/lang/NoSuchMethodError'{0x000000070cdc9ed8}: 'java.lang.Object java.lang.invoke.DirectMethodHandle$Holder.invokeSpecial(java.lang.Object, java.lang.Object, java.lang.Object, java.lang.Object, java.lang.Object, long)'> (0x000000070cdc9ed8) 
thrown [s\open\src\hotspot\share\interpreter\linkResolver.cpp, line 759]
Event: 14.632 Thread 0x000001dde7db0160 Exception <a 'java/lang/NoSuchMethodError'{0x000000070cdcd918}: 'java.lang.Object java.lang.invoke.Invokers$Holder.linkToTargetMethod(java.lang.Object, java.lang.Object, java.lang.Object, long, java.lang.Object)'> (0x000000070cdcd918) 
thrown [s\open\src\hotspot\share\interpreter\linkResolver.cpp, line 759]
Event: 16.494 Thread 0x000001dde7db1e40 Exception <a 'java/lang/NoSuchMethodError'{0x000000070c9cafd0}: 'java.lang.Object java.lang.invoke.DirectMethodHandle$Holder.invokeStatic(java.lang.Object, int, int)'> (0x000000070c9cafd0) 
thrown [s\open\src\hotspot\share\interpreter\linkResolver.cpp, line 759]
Event: 22.013 Thread 0x000001dde7db0fd0 Exception <a 'java/lang/NoSuchMethodError'{0x000000070d52abf0}: 'java.lang.Object java.lang.invoke.DirectMethodHandle$Holder.invokeStaticInit(java.lang.Object, java.lang.Object, java.lang.Object, java.lang.Object)'> (0x000000070d52abf0) 
thrown [s\open\src\hotspot\share\interpreter\linkResolver.cpp, line 759]
Event: 22.095 Thread 0x000001dde7dae950 Exception <a 'java/lang/NoSuchMethodError'{0x000000070d3d9ca0}: 'void java.lang.invoke.DirectMethodHandle$Holder.invokeSpecial(java.lang.Object, java.lang.Object, java.lang.Object, java.lang.Object, java.lang.Object, java.lang.Object, java.lang.Object)'> (0x000000070d3d9ca0) 
thrown [s\open\src\hotspot\share\interpreter\linkResolver.cpp, line 759]
Event: 22.362 Thread 0x000001dde7dae950 Exception <a 'java/lang/ClassNotFoundException'{0x0000000718a01038}: jdk/jfr/internal/handlers/EventHandler14336_1764295043527-21264> (0x0000000718a01038) 
thrown [s\open\src\hotspot\share\classfile\systemDictionary.cpp, line 256]
Event: 22.364 Thread 0x000001dde7dae950 Exception <a 'java/lang/ClassNotFoundException'{0x0000000718a1a6b0}: jdk/jfr/internal/handlers/EventHandler14464_1764295043527-21264> (0x0000000718a1a6b0) 
thrown [s\open\src\hotspot\share\classfile\systemDictionary.cpp, line 256]
Event: 22.535 Thread 0x000001dde8687900 Exception <a 'java/lang/NoSuchMethodError'{0x000000071025a230}: 'java.lang.Object java.lang.invoke.DirectMethodHandle$Holder.invokeStaticInit(java.lang.Object, java.lang.Object, java.lang.Object, java.lang.Object, java.lang.Object, java.lang.Object)'> (0x000000071025a230) 
thrown [s\open\src\hotspot\share\interpreter\linkResolver.cpp, line 759]
Event: 22.539 Thread 0x000001dde8687900 Exception <a 'java/lang/NoSuchMethodError'{0x00000007102a9c90}: 'void java.lang.invoke.DirectMethodHandle$Holder.invokeSpecial(java.lang.Object, java.lang.Object, java.lang.Object, java.lang.Object, java.lang.Object, java.lang.Object, java.lang.Object, java.lang.Object)'> (0x00000007102a9c90) 
thrown [s\open\src\hotspot\share\interpreter\linkResolver.cpp, line 759]
Event: 22.541 Thread 0x000001dde8687900 Exception <a 'java/lang/ClassNotFoundException'{0x00000007102c9160}: jdk/jfr/internal/handlers/EventHandler14713_1764295043527-21264> (0x00000007102c9160) 
thrown [s\open\src\hotspot\share\classfile\systemDictionary.cpp, line 256]
Event: 22.557 Thread 0x000001dde8687900 Exception <a 'java/lang/ClassNotFoundException'{0x0000000710392220}: jdk/jfr/internal/handlers/EventHandler14772_1764295043527-21264> (0x0000000710392220) 
thrown [s\open\src\hotspot\share\classfile\systemDictionary.cpp, line 256]
Event: 22.575 Thread 0x000001dde7dae950 Exception <a 'java/lang/NoSuchMethodError'{0x000000070d4a8218}: 'java.lang.Object java.lang.invoke.DirectMethodHandle$Holder.newInvokeSpecial(java.lang.Object, java.lang.Object, java.lang.Object, long)'> (0x000000070d4a8218) 
thrown [s\open\src\hotspot\share\interpreter\linkResolver.cpp, line 759]
Event: 22.575 Thread 0x000001dde7dae950 Exception <a 'java/lang/NoSuchMethodError'{0x000000070d4aca98}: 'java.lang.Object java.lang.invoke.DirectMethodHandle$Holder.invokeSpecial(java.lang.Object, java.lang.Object, java.lang.Object, java.lang.Object, long)'> (0x000000070d4aca98) 
thrown [s\open\src\hotspot\share\interpreter\linkResolver.cpp, line 759]
Event: 22.575 Thread 0x000001dde7dae950 Exception <a 'java/lang/NoSuchMethodError'{0x000000070d4b0c70}: 'java.lang.Object java.lang.invoke.Invokers$Holder.linkToTargetMethod(java.lang.Object, java.lang.Object, long, java.lang.Object)'> (0x000000070d4b0c70) 
thrown [s\open\src\hotspot\share\interpreter\linkResolver.cpp, line 759]
Event: 22.719 Thread 0x000001dde7dae950 Exception <a 'java/lang/NoSuchMethodError'{0x000000070d3d5400}: 'java.lang.Object java.lang.invoke.DirectMethodHandle$Holder.invokeInterface(java.lang.Object, java.lang.Object, java.lang.Object, java.lang.Object, java.lang.Object)'> (0x000000070d3d5400) 
thrown [s\open\src\hotspot\share\interpreter\linkResolver.cpp, line 759]

VM Operations (20 events):
Event: 21.795 Executing VM operation: HandshakeAllThreads done
Event: 21.872 Executing VM operation: G1CollectForAllocation
Event: 21.877 Executing VM operation: G1CollectForAllocation done
Event: 21.922 Executing VM operation: HandshakeAllThreads
Event: 21.922 Executing VM operation: HandshakeAllThreads done
Event: 22.106 Executing VM operation: HandshakeAllThreads
Event: 22.106 Executing VM operation: HandshakeAllThreads done
Event: 22.326 Executing VM operation: G1CollectForAllocation
Event: 22.330 Executing VM operation: G1CollectForAllocation done
Event: 22.358 Executing VM operation: CollectForMetadataAllocation
Event: 22.361 Executing VM operation: CollectForMetadataAllocation done
Event: 22.375 Executing VM operation: G1Concurrent
Event: 22.379 Executing VM operation: G1Concurrent done
Event: 22.384 Executing VM operation: G1Concurrent
Event: 22.385 Executing VM operation: G1Concurrent done
Event: 22.740 Executing VM operation: HandshakeAllThreads
Event: 22.740 Executing VM operation: HandshakeAllThreads done
Event: 22.751 Executing VM operation: HandshakeAllThreads
Event: 22.751 Executing VM operation: HandshakeAllThreads done
Event: 22.938 Executing VM operation: G1CollectForAllocation

Events (20 events):
Event: 22.550 loading class java/util/concurrent/CompletableFuture$UniCompose
Event: 22.550 loading class java/util/concurrent/CompletableFuture$UniCompose done
Event: 22.555 loading class java/util/concurrent/CompletableFuture$UniRun
Event: 22.555 loading class java/util/concurrent/CompletableFuture$UniRun done
Event: 22.557 loading class jdk/jfr/internal/handlers/EventHandler14772_1764295043527-21264
Event: 22.557 loading class jdk/jfr/internal/handlers/EventHandler14772_1764295043527-21264 done
Event: 22.576 Thread 0x000001dde8685280 Thread added: 0x000001dde8685280
Event: 22.730 Thread 0x000001dde8687dd0 Thread added: 0x000001dde8687dd0
Event: 22.732 loading class java/util/OptionalLong
Event: 22.732 loading class java/util/OptionalLong done
Event: 22.732 loading class java/util/OptionalDouble
Event: 22.733 loading class java/util/OptionalDouble done
Event: 22.734 loading class java/util/stream/LongStream
Event: 22.734 loading class java/util/stream/LongStream done
Event: 22.734 loading class java/util/stream/DoubleStream
Event: 22.734 loading class java/util/stream/DoubleStream done
Event: 22.736 loading class java/util/AbstractMap$SimpleEntry
Event: 22.736 loading class java/util/AbstractMap$SimpleEntry done
Event: 22.824 loading class java/util/EnumMap$EntryIterator$Entry
Event: 22.824 loading class java/util/EnumMap$EntryIterator$Entry done


Dynamic libraries:
0x00007ff7c84e0000 - 0x00007ff7c84f0000 	D:\Java\jdk-17\bin\java.exe
0x00007ff8b2990000 - 0x00007ff8b2b88000 	C:\Windows\SYSTEM32\ntdll.dll
0x00007ff8b1200000 - 0x00007ff8b12c2000 	C:\Windows\System32\KERNEL32.DLL
0x00007ff8b0330000 - 0x00007ff8b0626000 	C:\Windows\System32\KERNELBASE.dll
0x00007ff8b0230000 - 0x00007ff8b0330000 	C:\Windows\System32\ucrtbase.dll
0x00007ff8a8050000 - 0x00007ff8a8069000 	D:\Java\jdk-17\bin\jli.dll
0x00007ff8a8030000 - 0x00007ff8a804b000 	D:\Java\jdk-17\bin\VCRUNTIME140.dll
0x00007ff8b1140000 - 0x00007ff8b11f1000 	C:\Windows\System32\ADVAPI32.dll
0x00007ff8b24f0000 - 0x00007ff8b258e000 	C:\Windows\System32\msvcrt.dll
0x00007ff8b10a0000 - 0x00007ff8b113f000 	C:\Windows\System32\sechost.dll
0x00007ff8b0f80000 - 0x00007ff8b10a0000 	C:\Windows\System32\RPCRT4.dll
0x00007ff8b06b0000 - 0x00007ff8b06d7000 	C:\Windows\System32\bcrypt.dll
0x00007ff8b09b0000 - 0x00007ff8b0b51000 	C:\Windows\System32\USER32.dll
0x00007ff8af3c0000 - 0x00007ff8af65b000 	C:\Windows\WinSxS\amd64_microsoft.windows.common-controls_6595b64144ccf1df_6.0.19041.6456_none_60b8a6cb71f64256\COMCTL32.dll
0x00007ff8b0980000 - 0x00007ff8b09a2000 	C:\Windows\System32\win32u.dll
0x00007ff8b2920000 - 0x00007ff8b294b000 	C:\Windows\System32\GDI32.dll
0x00007ff8b06e0000 - 0x00007ff8b07f9000 	C:\Windows\System32\gdi32full.dll
0x00007ff8b0800000 - 0x00007ff8b089d000 	C:\Windows\System32\msvcp_win.dll
0x00007ff8a9400000 - 0x00007ff8a940a000 	C:\Windows\SYSTEM32\VERSION.dll
0x00007ff8b23d0000 - 0x00007ff8b23ff000 	C:\Windows\System32\IMM32.DLL
0x00007ff8ad080000 - 0x00007ff8ad08c000 	D:\Java\jdk-17\bin\vcruntime140_1.dll
0x00007ff883d90000 - 0x00007ff883e1e000 	D:\Java\jdk-17\bin\msvcp140.dll
0x00007ff856a10000 - 0x00007ff8575f1000 	D:\Java\jdk-17\bin\server\jvm.dll
0x00007ff8b24e0000 - 0x00007ff8b24e8000 	C:\Windows\System32\PSAPI.DLL
0x00007ff8a5e80000 - 0x00007ff8a5ea7000 	C:\Windows\SYSTEM32\WINMM.dll
0x00007ff896020000 - 0x00007ff896029000 	C:\Windows\SYSTEM32\WSOCK32.dll
0x00007ff8b1db0000 - 0x00007ff8b1e1b000 	C:\Windows\System32\WS2_32.dll
0x00007ff8ad6d0000 - 0x00007ff8ad6e2000 	C:\Windows\SYSTEM32\kernel.appcore.dll
0x00007ff8accf0000 - 0x00007ff8accfa000 	D:\Java\jdk-17\bin\jimage.dll
0x00007ff8afa00000 - 0x00007ff8afc01000 	C:\Windows\SYSTEM32\DBGHELP.DLL
0x00007ff8af940000 - 0x00007ff8af974000 	C:\Windows\SYSTEM32\dbgcore.DLL
0x00007ff8b08a0000 - 0x00007ff8b0922000 	C:\Windows\System32\bcryptPrimitives.dll
0x00007ff8a7ed0000 - 0x00007ff8a7ede000 	D:\Java\jdk-17\bin\instrument.dll
0x00007ff8a7c90000 - 0x00007ff8a7cb5000 	D:\Java\jdk-17\bin\java.dll
0x00007ff87ce90000 - 0x00007ff87cf67000 	D:\Java\jdk-17\bin\jsvml.dll
0x00007ff8b1640000 - 0x00007ff8b1db0000 	C:\Windows\System32\SHELL32.dll
0x00007ff8ad9b0000 - 0x00007ff8ae155000 	C:\Windows\SYSTEM32\windows.storage.dll
0x00007ff8b12e0000 - 0x00007ff8b1634000 	C:\Windows\System32\combase.dll
0x00007ff8af320000 - 0x00007ff8af34b000 	C:\Windows\SYSTEM32\Wldp.dll
0x00007ff8b2680000 - 0x00007ff8b274d000 	C:\Windows\System32\OLEAUT32.dll
0x00007ff8b0b80000 - 0x00007ff8b0c2d000 	C:\Windows\System32\SHCORE.dll
0x00007ff8b2480000 - 0x00007ff8b24db000 	C:\Windows\System32\shlwapi.dll
0x00007ff8aff50000 - 0x00007ff8aff74000 	C:\Windows\SYSTEM32\profapi.dll
0x00007ff8977f0000 - 0x00007ff897808000 	D:\Java\jdk-17\bin\zip.dll
0x00007ff8a7eb0000 - 0x00007ff8a7ec9000 	D:\Java\jdk-17\bin\net.dll
0x00007ff8a6490000 - 0x00007ff8a659a000 	C:\Windows\SYSTEM32\WINHTTP.dll
0x00007ff8af000000 - 0x00007ff8af06a000 	C:\Windows\system32\mswsock.dll
0x00007ff8a7c70000 - 0x00007ff8a7c86000 	D:\Java\jdk-17\bin\nio.dll
0x00007ff8977d0000 - 0x00007ff8977ea000 	D:\IntelliJ IDEA 2024.1\bin\breakgen64.dll
0x00007ff89db30000 - 0x00007ff89db63000 	C:\Program Files (x86)\Sangfor\SSL\ClientComponent\SangforNspX64.dll
0x00007ff8b0ca0000 - 0x00007ff8b0dcb000 	C:\Windows\System32\ole32.dll
0x00007ff8aed60000 - 0x00007ff8aee2a000 	C:\Windows\SYSTEM32\DNSAPI.dll
0x00007ff8aed20000 - 0x00007ff8aed5b000 	C:\Windows\SYSTEM32\IPHLPAPI.DLL
0x00007ff8b0c30000 - 0x00007ff8b0c38000 	C:\Windows\System32\NSI.dll
0x0000000076aa0000 - 0x0000000076ac6000 	C:\Program Files\Bonjour\mdnsNSP.dll
0x00007ff8a68a0000 - 0x00007ff8a68aa000 	C:\Windows\System32\rasadhlp.dll
0x00007ff8a0330000 - 0x00007ff8a03b0000 	C:\Windows\System32\fwpuclnt.dll
0x00007ff8a7d80000 - 0x00007ff8a7d8a000 	D:\Java\jdk-17\bin\management.dll
0x00007ff8a7c60000 - 0x00007ff8a7c6b000 	D:\Java\jdk-17\bin\management_ext.dll
0x00007ff8afd90000 - 0x00007ff8afda8000 	C:\Windows\SYSTEM32\CRYPTSP.dll
0x00007ff8ae9c0000 - 0x00007ff8ae9f8000 	C:\Windows\system32\rsaenh.dll
0x00007ff8afed0000 - 0x00007ff8afefe000 	C:\Windows\SYSTEM32\USERENV.dll
0x00007ff8af310000 - 0x00007ff8af31c000 	C:\Windows\SYSTEM32\CRYPTBASE.dll
0x00007ff8a69c0000 - 0x00007ff8a69d7000 	C:\Windows\SYSTEM32\dhcpcsvc6.DLL
0x00007ff8a68b0000 - 0x00007ff8a68cd000 	C:\Windows\SYSTEM32\dhcpcsvc.DLL
0x00007ff88bb50000 - 0x00007ff88bb67000 	C:\Windows\system32\napinsp.dll
0x00007ff88bb30000 - 0x00007ff88bb4b000 	C:\Windows\system32\pnrpnsp.dll
0x00007ff8aa590000 - 0x00007ff8aa5ad000 	C:\Windows\system32\wshbth.dll
0x00007ff8aa6a0000 - 0x00007ff8aa6bd000 	C:\Windows\system32\NLAapi.dll
0x00007ff88b990000 - 0x00007ff88b9a2000 	C:\Windows\System32\winrnr.dll
0x00007ff8a7c20000 - 0x00007ff8a7c2e000 	D:\Java\jdk-17\bin\sunmscapi.dll
0x00007ff8b00d0000 - 0x00007ff8b022d000 	C:\Windows\System32\CRYPT32.dll
0x00007ff8af390000 - 0x00007ff8af3b7000 	C:\Windows\SYSTEM32\ncrypt.dll
0x00007ff8af350000 - 0x00007ff8af38b000 	C:\Windows\SYSTEM32\NTASN1.dll
0x00007ff8a7fe0000 - 0x00007ff8a7fe7000 	C:\Windows\system32\wshunix.dll

dbghelp: loaded successfully - version: 4.0.5 - missing functions: none
symbol engine: initialized successfully - sym options: 0x614 - pdb path: .;D:\Java\jdk-17\bin;C:\Windows\SYSTEM32;C:\Windows\WinSxS\amd64_microsoft.windows.common-controls_6595b64144ccf1df_6.0.19041.6456_none_60b8a6cb71f64256;D:\Java\jdk-17\bin\server;D:\IntelliJ IDEA 2024.1\bin;C:\Program Files (x86)\Sangfor\SSL\ClientComponent;C:\Program Files\Bonjour

VM Arguments:
jvm_args: -XX:TieredStopAtLevel=1 -Dspring.output.ansi.enabled=always -Dcom.sun.management.jmxremote -Dspring.jmx.enabled=true -Dspring.liveBeansView.mbeanDomain -Dspring.application.admin.enabled=true -Dmanagement.endpoints.jmx.exposure.include=* -javaagent:D:\IntelliJ IDEA 2024.1\lib\idea_rt.jar=5241:D:\IntelliJ IDEA 2024.1\bin -Dfile.encoding=UTF-8 
java_command: com.database.mico_database.MicoDatabaseApplication
java_class_path (initial): E:\DeskTop\java_code\mico_database\target\classes;D:\IntelliJ IDEA 2024.1\repository\org\springframework\boot\spring-boot-starter-web\3.1.5\spring-boot-starter-web-3.1.5.jar;D:\IntelliJ IDEA 2024.1\repository\org\springframework\boot\spring-boot-starter\3.1.5\spring-boot-starter-3.1.5.jar;D:\IntelliJ IDEA 2024.1\repository\org\springframework\boot\spring-boot\3.1.5\spring-boot-3.1.5.jar;D:\IntelliJ IDEA 2024.1\repository\org\springframework\boot\spring-boot-autoconfigure\3.1.5\spring-boot-autoconfigure-3.1.5.jar;D:\IntelliJ IDEA 2024.1\repository\org\springframework\boot\spring-boot-starter-logging\3.1.5\spring-boot-starter-logging-3.1.5.jar;D:\IntelliJ IDEA 2024.1\repository\ch\qos\logback\logback-classic\1.4.11\logback-classic-1.4.11.jar;D:\IntelliJ IDEA 2024.1\repository\ch\qos\logback\logback-core\1.4.11\logback-core-1.4.11.jar;D:\IntelliJ IDEA 2024.1\repository\org\apache\logging\log4j\log4j-to-slf4j\2.20.0\log4j-to-slf4j-2.20.0.jar;D:\IntelliJ IDEA 2024.1\repository\org\apache\logging\log4j\log4j-api\2.20.0\log4j-api-2.20.0.jar;D:\IntelliJ IDEA 2024.1\repository\org\slf4j\jul-to-slf4j\2.0.9\jul-to-slf4j-2.0.9.jar;D:\IntelliJ IDEA 2024.1\repository\jakarta\annotation\jakarta.annotation-api\2.1.1\jakarta.annotation-api-2.1.1.jar;D:\IntelliJ IDEA 2024.1\repository\org\yaml\snakeyaml\1.33\snakeyaml-1.33.jar;D:\IntelliJ IDEA 2024.1\repository\org\springframework\boot\spring-boot-starter-json\3.1.5\spring-boot-starter-json-3.1.5.jar;D:\IntelliJ IDEA 2024.1\repository\com\fasterxml\jackson\core\jackson-databind\2.15.3\jackson-databind-2.15.3.jar;D:\IntelliJ IDEA 2024.1\repository\com\fasterxml\jackson\core\jackson-annotations\2.15.3\jackson-annotations-2.15.3.jar;D:\IntelliJ IDEA 2024.1\repository\com\fasterxml\jackson\core\jackson-core\2.15.3\jackson-core-2.15.3.jar;D:\IntelliJ IDEA 2024.1\repository\com\fasterxml\jackson\datatype\jackson-datatype-jdk8\2.15.3\jackson-datatype-jdk8-2.15.3.jar;D:\IntelliJ IDEA 2024.1\repository\com\fasterx
Launcher Type: SUN_STANDARD

[Global flags]
     intx CICompilerCount                          = 12                                        {product} {ergonomic}
     uint ConcGCThreads                            = 3                                         {product} {ergonomic}
     uint G1ConcRefinementThreads                  = 13                                        {product} {ergonomic}
   size_t G1HeapRegionSize                         = 2097152                                   {product} {ergonomic}
    uintx GCDrainStackTargetSize                   = 64                                        {product} {ergonomic}
   size_t InitialHeapSize                          = 260046848                                 {product} {ergonomic}
     bool ManagementServer                         = true                                      {product} {command line}
   size_t MarkStackSize                            = 4194304                                   {product} {ergonomic}
   size_t MaxHeapSize                              = 4139778048                                {product} {ergonomic}
   size_t MaxNewSize                               = 2483027968                                {product} {ergonomic}
   size_t MinHeapDeltaBytes                        = 2097152                                   {product} {ergonomic}
   size_t MinHeapSize                              = 8388608                                   {product} {ergonomic}
    uintx NonProfiledCodeHeapSize                  = 0                                      {pd product} {ergonomic}
     bool ProfileInterpreter                       = false                                  {pd product} {command line}
    uintx ProfiledCodeHeapSize                     = 0                                      {pd product} {ergonomic}
   size_t SoftMaxHeapSize                          = 4139778048                             {manageable} {ergonomic}
     intx TieredStopAtLevel                        = 1                                         {product} {command line}
     bool UseCompressedClassPointers               = true                           {product lp64_product} {ergonomic}
     bool UseCompressedOops                        = true                           {product lp64_product} {ergonomic}
     bool UseG1GC                                  = true                                      {product} {ergonomic}
     bool UseLargePagesIndividualAllocation        = false                                  {pd product} {ergonomic}

Logging:
Log output configuration:
 #0: stdout all=warning uptime,level,tags
 #1: stderr all=off uptime,level,tags

Environment Variables:
JAVA_HOME=D:\Java\jdk-17
PATH=C:\Program Files\Common Files\Oracle\Java\javapath;C:\Program Files\NVIDIA GPU Computing Toolkit\CUDA\v12.5\bin;C:\Program Files\NVIDIA GPU Computing Toolkit\CUDA\v12.5\libnvvp;D:\VMware\VMware Workstation\bin\;C:\Program Files (x86)\Common Files\Oracle\Java\javapath;C:\Program Files (x86)\Razer\ChromaBroadcast\bin;C:\Program Files\Razer\ChromaBroadcast\bin;C:\Windows\system32;C:\Windows;C:\Windows\System32\Wbem;C:\Windows\System32\WindowsPowerShell\v1.0\;C:\Windows\System32\OpenSSH\;C:\Program Files (x86)\NVIDIA Corporation\PhysX\Common;C:\Program Files\NVIDIA Corporation\NVIDIA NvDLISR;C:\Program Files\dotnet\;C:\Users\ASUS\AppData\Local\Programs\Python\Python39;D:\MATLAB2016a\runtime\win64;D:\MATLAB2016a\bin;D:\MATLAB2016a\polyspace\bin;C:\Program Files\Common Files\Autodesk Shared\;C:\Windows\system32\config\systemprofile\AppData\Local\Microsoft\WindowsApps;C:\Program Files (x86)\dotnet\;C:\Program Files\NVIDIA Corporation\Nsight Compute 2024.2.0\;D:\MySQL\MySQL Server 8.0\bin;D:\Java\jdk-17\bin;D:\Java\jdk-17\jre\bin;C:\Program Files\Git\cmd;D:\Docker\resources\bin;C:\Users\ASUS\AppData\Local\Microsoft\WindowsApps;D:\PyCharm 2021.1.1\bin;;C:\Users\ASUS\AppData\Local\Programs\Python\Python39\Scripts;D:\altera\11.0\modelsim_ase\win32aloem;D:\Microsoft VS Code\bin;D:\msys64\ucrt64\bin;C:\Users\ASUS\AppData\Local\GitHubDesktop\bin;D:\IntelliJ IDEA 2024.1\bin;
USERNAME=ASUS
OS=Windows_NT
PROCESSOR_IDENTIFIER=AMD64 Family 23 Model 96 Stepping 1, AuthenticAMD



---------------  S Y S T E M  ---------------

OS:
 Windows 10 , 64 bit Build 19041 (10.0.19041.5915)
OS uptime: 2 days 18:13 hours
Hyper-V role detected

CPU: total 16 (initial active 16) (16 cores per cpu, 2 threads per core) family 23 model 96 stepping 1 microcode 0x0, cx8, cmov, fxsr, ht, mmx, 3dnowpref, sse, sse2, sse3, ssse3, sse4a, sse4.1, sse4.2, popcnt, lzcnt, tsc, tscinvbit, avx, avx2, aes, clmul, bmi1, bmi2, adx, sha, fma, vzeroupper, clflush, clflushopt, hv

Memory: 4k page, system-wide physical 15786M (1842M free)
TotalPageFile size 17834M (AvailPageFile size 16M)
current process WorkingSet (physical memory assigned to process): 227M, peak: 227M
current process commit charge ("private bytes"): 277M, peak: 385M

vm_info: Java HotSpot(TM) 64-Bit Server VM (17.0.16+12-LTS-247) for windows-amd64 JRE (17.0.16+12-LTS-247), built on Jun 27 2025 10:11:42 by "mach5one" with MS VC++ 17.6 (VS2022)

END.
