#
# There is insufficient memory for the Java Runtime Environment to continue.
# Native memory allocation (mmap) failed to map 260046848 bytes for G1 virtual space
# Possible reasons:
#   The system is out of physical RAM or swap space
#   The process is running with CompressedOops enabled, and the Java Heap may be blocking the growth of the native heap
# Possible solutions:
#   Reduce memory load on the system
#   Increase physical memory or swap space
#   Check if swap backing store is full
#   Decrease Java heap size (-Xmx/-Xms)
#   Decrease number of Java threads
#   Decrease Java thread stack sizes (-Xss)
#   Set larger code cache with -XX:ReservedCodeCacheSize=
#   JVM is running with Zero Based Compressed Oops mode in which the Java heap is
#     placed in the first 32GB address space. The Java Heap base address is the
#     maximum limit for the native heap growth. Please use -XX:HeapBaseMinAddress
#     to set the Java Heap base and to place the Java Heap above 32GB virtual address.
# This output file may be truncated or incomplete.
#
#  Out of Memory Error (os_windows.cpp:3551), pid=17248, tid=19536
#
# JRE version:  (17.0.16+12) (build )
# Java VM: Java HotSpot(TM) 64-Bit Server VM (17.0.16+12-LTS-247, mixed mode, emulated-client, sharing, tiered, compressed oops, compressed class ptrs, g1 gc, windows-amd64)
# No core dump will be written. Minidumps are not enabled by default on client versions of Windows
#

---------------  S U M M A R Y ------------

Command Line: -XX:TieredStopAtLevel=1 -Dspring.output.ansi.enabled=always -Dcom.sun.management.jmxremote -Dspring.jmx.enabled=true -Dspring.liveBeansView.mbeanDomain -Dspring.application.admin.enabled=true -Dmanagement.endpoints.jmx.exposure.include=* -javaagent:D:\IntelliJ IDEA 2024.1\lib\idea_rt.jar=1868:D:\IntelliJ IDEA 2024.1\bin -Dfile.encoding=UTF-8 com.database.mico_database.MicoDatabaseApplication

Host: AMD Ryzen 7 4800H with Radeon Graphics         , 16 cores, 15G,  Windows 10 , 64 bit Build 19041 (10.0.19041.5915)
Time: Mon Nov 24 20:06:15 2025  Windows 10 , 64 bit Build 19041 (10.0.19041.5915) elapsed time: 0.015048 seconds (0d 0h 0m 0s)

---------------  T H R E A D  ---------------

Current thread (0x000001d37d19a250):  JavaThread "Unknown thread" [_thread_in_vm, id=19536, stack(0x0000009212d00000,0x0000009212e00000)]

Stack: [0x0000009212d00000,0x0000009212e00000]
Native frames: (J=compiled Java code, j=interpreted, Vv=VM code, C=native code)
V  [jvm.dll+0x67a46a]
V  [jvm.dll+0x7da77d]
V  [jvm.dll+0x7dc0c3]
V  [jvm.dll+0x7dc733]
V  [jvm.dll+0x24523f]
V  [jvm.dll+0x677499]
V  [jvm.dll+0x66c122]
V  [jvm.dll+0x302156]
V  [jvm.dll+0x3096f6]
V  [jvm.dll+0x35a04e]
V  [jvm.dll+0x35a27f]
V  [jvm.dll+0x2d9228]
V  [jvm.dll+0x2da194]
V  [jvm.dll+0x7acf61]
V  [jvm.dll+0x3678b1]
V  [jvm.dll+0x78bf39]
V  [jvm.dll+0x3ecc6e]
V  [jvm.dll+0x3ee8a1]
C  [jli.dll+0x5297]
C  [ucrtbase.dll+0x21bb2]
C  [KERNEL32.DLL+0x17374]
C  [ntdll.dll+0x4cc91]


---------------  P R O C E S S  ---------------

Threads class SMR info:
_java_thread_list=0x00007ffed74b8a18, length=0, elements={
}

Java Threads: ( => current thread )

Other Threads:
  0x000001d37d203b10 GCTaskThread "GC Thread#0" [stack: 0x0000009212e00000,0x0000009212f00000] [id=13824]
  0x000001d37d214f40 ConcurrentGCThread "G1 Main Marker" [stack: 0x0000009212f00000,0x0000009213000000] [id=24424]
  0x000001d37d215760 ConcurrentGCThread "G1 Conc#0" [stack: 0x0000009213000000,0x0000009213100000] [id=7968]

[error occurred during error reporting (printing all threads), id 0xc0000005, EXCEPTION_ACCESS_VIOLATION (0xc0000005) at pc=0x00007ffed6ce9d17]

VM state: not at safepoint (not fully initialized)

VM Mutex/Monitor currently owned by a thread:  ([mutex/lock_event])
[0x000001d37d196b80] Heap_lock - owner thread: 0x000001d37d19a250

Heap address: 0x0000000709400000, size: 3948 MB, Compressed Oops mode: Zero based, Oop shift amount: 3

CDS archive(s) mapped at: [0x0000000000000000-0x0000000000000000-0x0000000000000000), size 0, SharedBaseAddress: 0x0000000800000000, ArchiveRelocationMode: 1.
Narrow klass base: 0x0000000000000000, Narrow klass shift: 0, Narrow klass range: 0x0

GC Precious Log:
<Empty>

Heap:
 garbage-first heap   total 0K, used 0K [0x0000000709400000, 0x0000000800000000)
  region size 2048K, 0 young (0K), 0 survivors (0K)

[error occurred during error reporting (printing heap information), id 0xc0000005, EXCEPTION_ACCESS_VIOLATION (0xc0000005) at pc=0x00007ffed70d3c09]

GC Heap History (0 events):
No events

Deoptimization events (0 events):
No events

Classes unloaded (0 events):
No events

Classes redefined (0 events):
No events

Internal exceptions (0 events):
No events

VM Operations (0 events):
No events

Events (1 events):
Event: 0.010 Loaded shared library D:\Java\jdk-17\bin\java.dll


Dynamic libraries:
0x00007ff6a87d0000 - 0x00007ff6a87e0000 	D:\Java\jdk-17\bin\java.exe
0x00007fff0f990000 - 0x00007fff0fb88000 	C:\Windows\SYSTEM32\ntdll.dll
0x00007fff0f220000 - 0x00007fff0f2e2000 	C:\Windows\System32\KERNEL32.DLL
0x00007fff0d140000 - 0x00007fff0d436000 	C:\Windows\System32\KERNELBASE.dll
0x00007fff0d5a0000 - 0x00007fff0d6a0000 	C:\Windows\System32\ucrtbase.dll
0x00007ffef8090000 - 0x00007ffef80ab000 	D:\Java\jdk-17\bin\VCRUNTIME140.dll
0x00007ffef8f20000 - 0x00007ffef8f39000 	D:\Java\jdk-17\bin\jli.dll
0x00007fff0f160000 - 0x00007fff0f211000 	C:\Windows\System32\ADVAPI32.dll
0x00007fff0f060000 - 0x00007fff0f0fe000 	C:\Windows\System32\msvcrt.dll
0x00007fff0f470000 - 0x00007fff0f50f000 	C:\Windows\System32\sechost.dll
0x00007fff0f350000 - 0x00007fff0f470000 	C:\Windows\System32\RPCRT4.dll
0x00007fff0d440000 - 0x00007fff0d467000 	C:\Windows\System32\bcrypt.dll
0x00007fff0ed70000 - 0x00007fff0ef11000 	C:\Windows\System32\USER32.dll
0x00007fff0d470000 - 0x00007fff0d492000 	C:\Windows\System32\win32u.dll
0x00007ffef8890000 - 0x00007ffef8b2b000 	C:\Windows\WinSxS\amd64_microsoft.windows.common-controls_6595b64144ccf1df_6.0.19041.6456_none_60b8a6cb71f64256\COMCTL32.dll
0x00007fff0f8b0000 - 0x00007fff0f8db000 	C:\Windows\System32\GDI32.dll
0x00007fff0d020000 - 0x00007fff0d139000 	C:\Windows\System32\gdi32full.dll
0x00007fff0d910000 - 0x00007fff0d9ad000 	C:\Windows\System32\msvcp_win.dll
0x00007fff06bf0000 - 0x00007fff06bfa000 	C:\Windows\SYSTEM32\VERSION.dll
0x00007fff0f710000 - 0x00007fff0f73f000 	C:\Windows\System32\IMM32.DLL
0x00007fff05240000 - 0x00007fff0524c000 	D:\Java\jdk-17\bin\vcruntime140_1.dll
0x00007ffeda610000 - 0x00007ffeda69e000 	D:\Java\jdk-17\bin\msvcp140.dll
0x00007ffed6a00000 - 0x00007ffed75e1000 	D:\Java\jdk-17\bin\server\jvm.dll
0x00007fff0f740000 - 0x00007fff0f748000 	C:\Windows\System32\PSAPI.DLL
0x00007fff01270000 - 0x00007fff01297000 	C:\Windows\SYSTEM32\WINMM.dll
0x00007ffeee6e0000 - 0x00007ffeee6e9000 	C:\Windows\SYSTEM32\WSOCK32.dll
0x00007fff0f8e0000 - 0x00007fff0f94b000 	C:\Windows\System32\WS2_32.dll
0x00007fff0ae50000 - 0x00007fff0ae62000 	C:\Windows\SYSTEM32\kernel.appcore.dll
0x00007fff03ad0000 - 0x00007fff03ada000 	D:\Java\jdk-17\bin\jimage.dll
0x00007fff02150000 - 0x00007fff02351000 	C:\Windows\SYSTEM32\DBGHELP.DLL
0x00007ffef6910000 - 0x00007ffef6944000 	C:\Windows\SYSTEM32\dbgcore.DLL
0x00007fff0d6a0000 - 0x00007fff0d722000 	C:\Windows\System32\bcryptPrimitives.dll
0x00007ffef72c0000 - 0x00007ffef72ce000 	D:\Java\jdk-17\bin\instrument.dll
0x00007ffeeb230000 - 0x00007ffeeb255000 	D:\Java\jdk-17\bin\java.dll

dbghelp: loaded successfully - version: 4.0.5 - missing functions: none
symbol engine: initialized successfully - sym options: 0x614 - pdb path: .;D:\Java\jdk-17\bin;C:\Windows\SYSTEM32;C:\Windows\WinSxS\amd64_microsoft.windows.common-controls_6595b64144ccf1df_6.0.19041.6456_none_60b8a6cb71f64256;D:\Java\jdk-17\bin\server

VM Arguments:
jvm_args: -XX:TieredStopAtLevel=1 -Dspring.output.ansi.enabled=always -Dcom.sun.management.jmxremote -Dspring.jmx.enabled=true -Dspring.liveBeansView.mbeanDomain -Dspring.application.admin.enabled=true -Dmanagement.endpoints.jmx.exposure.include=* -javaagent:D:\IntelliJ IDEA 2024.1\lib\idea_rt.jar=1868:D:\IntelliJ IDEA 2024.1\bin -Dfile.encoding=UTF-8 
java_command: com.database.mico_database.MicoDatabaseApplication
java_class_path (initial): E:\DeskTop\java_code\mico_database\target\classes;D:\IntelliJ IDEA 2024.1\repository\org\springframework\boot\spring-boot-starter-web\3.1.5\spring-boot-starter-web-3.1.5.jar;D:\IntelliJ IDEA 2024.1\repository\org\springframework\boot\spring-boot-starter\3.1.5\spring-boot-starter-3.1.5.jar;D:\IntelliJ IDEA 2024.1\repository\org\springframework\boot\spring-boot\3.1.5\spring-boot-3.1.5.jar;D:\IntelliJ IDEA 2024.1\repository\org\springframework\boot\spring-boot-autoconfigure\3.1.5\spring-boot-autoconfigure-3.1.5.jar;D:\IntelliJ IDEA 2024.1\repository\org\springframework\boot\spring-boot-starter-logging\3.1.5\spring-boot-starter-logging-3.1.5.jar;D:\IntelliJ IDEA 2024.1\repository\ch\qos\logback\logback-classic\1.4.11\logback-classic-1.4.11.jar;D:\IntelliJ IDEA 2024.1\repository\ch\qos\logback\logback-core\1.4.11\logback-core-1.4.11.jar;D:\IntelliJ IDEA 2024.1\repository\org\apache\logging\log4j\log4j-to-slf4j\2.20.0\log4j-to-slf4j-2.20.0.jar;D:\IntelliJ IDEA 2024.1\repository\org\apache\logging\log4j\log4j-api\2.20.0\log4j-api-2.20.0.jar;D:\IntelliJ IDEA 2024.1\repository\org\slf4j\jul-to-slf4j\2.0.9\jul-to-slf4j-2.0.9.jar;D:\IntelliJ IDEA 2024.1\repository\jakarta\annotation\jakarta.annotation-api\2.1.1\jakarta.annotation-api-2.1.1.jar;D:\IntelliJ IDEA 2024.1\repository\org\yaml\snakeyaml\1.33\snakeyaml-1.33.jar;D:\IntelliJ IDEA 2024.1\repository\org\springframework\boot\spring-boot-starter-json\3.1.5\spring-boot-starter-json-3.1.5.jar;D:\IntelliJ IDEA 2024.1\repository\com\fasterxml\jackson\core\jackson-databind\2.15.3\jackson-databind-2.15.3.jar;D:\IntelliJ IDEA 2024.1\repository\com\fasterxml\jackson\core\jackson-annotations\2.15.3\jackson-annotations-2.15.3.jar;D:\IntelliJ IDEA 2024.1\repository\com\fasterxml\jackson\core\jackson-core\2.15.3\jackson-core-2.15.3.jar;D:\IntelliJ IDEA 2024.1\repository\com\fasterxml\jackson\datatype\jackson-datatype-jdk8\2.15.3\jackson-datatype-jdk8-2.15.3.jar;D:\IntelliJ IDEA 2024.1\repository\com\fasterx
Launcher Type: SUN_STANDARD

[Global flags]
     intx CICompilerCount                          = 12                                        {product} {ergonomic}
     uint ConcGCThreads                            = 3                                         {product} {ergonomic}
     uint G1ConcRefinementThreads                  = 13                                        {product} {ergonomic}
   size_t G1HeapRegionSize                         = 2097152                                   {product} {ergonomic}
    uintx GCDrainStackTargetSize                   = 64                                        {product} {ergonomic}
   size_t InitialHeapSize                          = 260046848                                 {product} {ergonomic}
     bool ManagementServer                         = true                                      {product} {command line}
   size_t MarkStackSize                            = 4194304                                   {product} {ergonomic}
   size_t MaxHeapSize                              = 4139778048                                {product} {ergonomic}
   size_t MinHeapDeltaBytes                        = 2097152                                   {product} {ergonomic}
   size_t MinHeapSize                              = 8388608                                   {product} {ergonomic}
    uintx NonProfiledCodeHeapSize                  = 0                                      {pd product} {ergonomic}
     bool ProfileInterpreter                       = false                                  {pd product} {command line}
    uintx ProfiledCodeHeapSize                     = 0                                      {pd product} {ergonomic}
   size_t SoftMaxHeapSize                          = 4139778048                             {manageable} {ergonomic}
     intx TieredStopAtLevel                        = 1                                         {product} {command line}
     bool UseCompressedClassPointers               = true                           {product lp64_product} {ergonomic}
     bool UseCompressedOops                        = true                           {product lp64_product} {ergonomic}
     bool UseG1GC                                  = true                                      {product} {ergonomic}
     bool UseLargePagesIndividualAllocation        = false                                  {pd product} {ergonomic}

Logging:
Log output configuration:
 #0: stdout all=warning uptime,level,tags
 #1: stderr all=off uptime,level,tags

Environment Variables:
JAVA_HOME=D:\Java\jdk-17
PATH=C:\Program Files\Common Files\Oracle\Java\javapath;C:\Program Files\NVIDIA GPU Computing Toolkit\CUDA\v12.5\bin;C:\Program Files\NVIDIA GPU Computing Toolkit\CUDA\v12.5\libnvvp;D:\VMware\VMware Workstation\bin\;C:\Program Files (x86)\Common Files\Oracle\Java\javapath;C:\Program Files (x86)\Razer\ChromaBroadcast\bin;C:\Program Files\Razer\ChromaBroadcast\bin;C:\Windows\system32;C:\Windows;C:\Windows\System32\Wbem;C:\Windows\System32\WindowsPowerShell\v1.0\;C:\Windows\System32\OpenSSH\;C:\Program Files (x86)\NVIDIA Corporation\PhysX\Common;C:\Program Files\NVIDIA Corporation\NVIDIA NvDLISR;C:\Program Files\dotnet\;C:\Users\ASUS\AppData\Local\Programs\Python\Python39;D:\MATLAB2016a\runtime\win64;D:\MATLAB2016a\bin;D:\MATLAB2016a\polyspace\bin;C:\Program Files\Common Files\Autodesk Shared\;C:\Windows\system32\config\systemprofile\AppData\Local\Microsoft\WindowsApps;C:\Program Files (x86)\dotnet\;C:\Program Files\NVIDIA Corporation\Nsight Compute 2024.2.0\;D:\MySQL\MySQL Server 8.0\bin;D:\Java\jdk-17\bin;D:\Java\jdk-17\jre\bin;C:\Program Files\Git\cmd;D:\Docker\resources\bin;C:\Users\ASUS\AppData\Local\Microsoft\WindowsApps;D:\PyCharm 2021.1.1\bin;;C:\Users\ASUS\AppData\Local\Programs\Python\Python39\Scripts;D:\altera\11.0\modelsim_ase\win32aloem;D:\Microsoft VS Code\bin;D:\msys64\ucrt64\bin;C:\Users\ASUS\AppData\Local\GitHubDesktop\bin;D:\IntelliJ IDEA 2024.1\bin;
USERNAME=ASUS
OS=Windows_NT
PROCESSOR_IDENTIFIER=AMD64 Family 23 Model 96 Stepping 1, AuthenticAMD



---------------  S Y S T E M  ---------------

OS:
 Windows 10 , 64 bit Build 19041 (10.0.19041.5915)
OS uptime: 0 days 3:45 hours
Hyper-V role detected

CPU: total 16 (initial active 16) (16 cores per cpu, 2 threads per core) family 23 model 96 stepping 1 microcode 0x0, cx8, cmov, fxsr, ht, mmx, 3dnowpref, sse, sse2, sse3, ssse3, sse4a, sse4.1, sse4.2, popcnt, lzcnt, tsc, tscinvbit, avx, avx2, aes, clmul, bmi1, bmi2, adx, sha, fma, vzeroupper, clflush, clflushopt, hv

Memory: 4k page, system-wide physical 15786M (2142M free)
TotalPageFile size 17794M (AvailPageFile size 145M)
current process WorkingSet (physical memory assigned to process): 10M, peak: 10M
current process commit charge ("private bytes"): 65M, peak: 313M

vm_info: Java HotSpot(TM) 64-Bit Server VM (17.0.16+12-LTS-247) for windows-amd64 JRE (17.0.16+12-LTS-247), built on Jun 27 2025 10:11:42 by "mach5one" with MS VC++ 17.6 (VS2022)

END.
